2023-05-19 18:42:48 -  - exec CUpdateClientPartner::SearchModulesEx
2023-05-19 18:42:48 -  - exec CUpdateClientPartner::__CollectRequestData
2023-05-19 18:42:48 -  - utf=Y&lang=ru&stable=Y&CANGZIP=Y&SUPD_DBS=MYSQL&XE=N&CLIENT_SITE=localsite&LICENSE_KEY=X&SUPD_STS=1&SUPD_URS=0&SUPD_URSA=1&TYPENC=D&CLIENT_PHPVER=7.4.33&NGINX=Y&dbv=5.6.51&instm=main%2C22.0.300%2CY%3Blanding%2C21.1300.200%2CN%3Bui%2C22.400.50%2CN%3Bsearch%2C22.0.0%2CN%3Biblock%2C21.800.300%2CN%3Bfileman%2C22.0.0%2CN%3Bperfmon%2C21.0.0%2CN%3Bseo%2C22.0.200%2CN%3Bclouds%2C22.0.0%2CN%3Btranslate%2C21.100.0%2CN%3Bbitrixcloud%2C22.0.0%2CN%3Brest%2C22.0.100%2CN%3Bmessageservice%2C22.200.100%2CN%3Bb24connector%2C21.100.0%2CN%3Bhighloadblock%2C22.200.0%2CN%3Bsocialservices%2C22.0.250%2CN%3Bbitrix.sitecorporate%2C15.5.0%2CN&search_module_id=&search_module=&search_category=7%2C14&search_type=&search_order=DESC&search_order_by=SORT&search_page=1&SUPD_SRS=RU&SUPD_CMP=N
2023-05-19 18:42:48 -  - exec CUpdateClientPartner::GetHTTPPage
2023-05-19 18:42:50 -  - TIME SearchModulesEx(request) 1.304 sec
2023-05-19 18:42:50 -  - exec CUpdateClientPartner::ParseServerData
2023-05-19 18:43:04 -  - exec CUpdateClientPartner::LoadModulesUpdates
2023-05-19 18:43:04 -  - exec CUpdateClientPartner::__CollectRequestData
2023-05-19 18:43:04 -  - utf=Y&lang=ru&stable=Y&CANGZIP=Y&SUPD_DBS=MYSQL&XE=N&CLIENT_SITE=localsite&LICENSE_KEY=X&SUPD_STS=1&SUPD_URS=0&SUPD_URSA=1&TYPENC=D&CLIENT_PHPVER=7.4.33&NGINX=Y&dbv=5.6.51&instm=main%2C22.0.300%2CY%3Blanding%2C21.1300.200%2CN%3Bui%2C22.400.50%2CN%3Bsearch%2C22.0.0%2CN%3Biblock%2C21.800.300%2CN%3Bfileman%2C22.0.0%2CN%3Bperfmon%2C21.0.0%2CN%3Bseo%2C22.0.200%2CN%3Bclouds%2C22.0.0%2CN%3Btranslate%2C21.100.0%2CN%3Bbitrixcloud%2C22.0.0%2CN%3Brest%2C22.0.100%2CN%3Bmessageservice%2C22.200.100%2CN%3Bb24connector%2C21.100.0%2CN%3Bhighloadblock%2C22.200.0%2CN%3Bsocialservices%2C22.0.250%2CN%3Bbitrix.sitecorporate%2C15.5.0%2CN&reqm=bitrix.eshop&lim=Y&SUPD_SRS=RU&SUPD_CMP=N
2023-05-19 18:43:04 -  - exec CUpdateClientPartner::GetHTTPPage
2023-05-19 18:43:04 -  - TIME LoadModulesUpdates(request) 0.341 sec
2023-05-19 18:43:04 -  - exec CUpdateClientPartner::ParseServerData
2023-05-19 18:43:04 - S - STEP
2023-05-19 18:43:04 - LM4W01 - loadModule4Wizard-Step
2023-05-19 18:43:04 -  - exec CUpdateClientPartner::LoadModulesUpdates
2023-05-19 18:43:04 -  - exec CUpdateClientPartner::ParseServerData
2023-05-19 18:43:04 -  - loadFile
2023-05-19 18:43:07 - U - RETURN
2023-05-19 18:43:07 -  - exec CUpdateClientPartner::UnGzipArchive
2023-05-19 18:43:08 -  - TIME UnGzipArchive 0.375 sec
2023-05-19 18:43:08 -  - TIME UpdateStepModules 0.348 sec
2023-05-19 18:43:08 -  - exec CUpdateClientPartner::LoadModulesUpdates
2023-05-19 18:43:08 -  - exec CUpdateClientPartner::__CollectRequestData
2023-05-19 18:43:08 -  - utf=Y&lang=ru&stable=Y&CANGZIP=Y&SUPD_DBS=MYSQL&XE=N&CLIENT_SITE=localsite&LICENSE_KEY=X&SUPD_STS=1&SUPD_URS=0&SUPD_URSA=1&TYPENC=D&CLIENT_PHPVER=7.4.33&NGINX=Y&dbv=5.6.51&instm=main%2C22.0.300%2CY%3Blanding%2C21.1300.200%2CN%3Bbitrix.eshop%2C15.5.1%2CN%3Bui%2C22.400.50%2CN%3Bsearch%2C22.0.0%2CN%3Biblock%2C21.800.300%2CN%3Bfileman%2C22.0.0%2CN%3Bperfmon%2C21.0.0%2CN%3Bseo%2C22.0.200%2CN%3Bclouds%2C22.0.0%2CN%3Btranslate%2C21.100.0%2CN%3Bbitrixcloud%2C22.0.0%2CN%3Brest%2C22.0.100%2CN%3Bmessageservice%2C22.200.100%2CN%3Bb24connector%2C21.100.0%2CN%3Bhighloadblock%2C22.200.0%2CN%3Bsocialservices%2C22.0.250%2CN%3Bbitrix.sitecorporate%2C15.5.0%2CN&reqm=bitrix.eshop&lim=Y&SUPD_SRS=RU&SUPD_CMP=N
2023-05-19 18:43:08 -  - exec CUpdateClientPartner::GetHTTPPage
2023-05-19 18:43:08 -  - TIME LoadModulesUpdates(request) 0.316 sec
2023-05-19 18:43:08 -  - exec CUpdateClientPartner::ParseServerData
2023-05-19 18:43:08 - S - STEP
2023-05-19 18:43:08 - LM4W01 - loadModule4Wizard-Step
2023-05-19 18:43:08 -  - exec CUpdateClientPartner::LoadModulesUpdates
2023-05-19 18:43:08 -  - exec CUpdateClientPartner::ParseServerData
2023-05-19 18:43:08 -  - loadFile
2023-05-19 18:43:09 - U - RETURN
2023-05-19 18:43:09 -  - exec CUpdateClientPartner::UnGzipArchive
2023-05-19 18:43:09 -  - TIME UnGzipArchive 0.004 sec
2023-05-19 18:43:09 - CSURUS1 - Run updater '/bitrix/updates/update_m1684510989/bitrix.eshop/updater15.5.2.php'
2023-05-19 18:43:09 -  - TIME UpdateStepModules 0.005 sec
2023-05-19 18:43:09 -  - exec CUpdateClientPartner::LoadModulesUpdates
2023-05-19 18:43:09 -  - exec CUpdateClientPartner::__CollectRequestData
2023-05-19 18:43:09 -  - utf=Y&lang=ru&stable=Y&CANGZIP=Y&SUPD_DBS=MYSQL&XE=N&CLIENT_SITE=localsite&LICENSE_KEY=X&SUPD_STS=1&SUPD_URS=0&SUPD_URSA=1&TYPENC=D&CLIENT_PHPVER=7.4.33&NGINX=Y&dbv=5.6.51&instm=main%2C22.0.300%2CY%3Blanding%2C21.1300.200%2CN%3Bbitrix.eshop%2C15.5.2%2CN%3Bui%2C22.400.50%2CN%3Bsearch%2C22.0.0%2CN%3Biblock%2C21.800.300%2CN%3Bfileman%2C22.0.0%2CN%3Bperfmon%2C21.0.0%2CN%3Bseo%2C22.0.200%2CN%3Bclouds%2C22.0.0%2CN%3Btranslate%2C21.100.0%2CN%3Bbitrixcloud%2C22.0.0%2CN%3Brest%2C22.0.100%2CN%3Bmessageservice%2C22.200.100%2CN%3Bb24connector%2C21.100.0%2CN%3Bhighloadblock%2C22.200.0%2CN%3Bsocialservices%2C22.0.250%2CN%3Bbitrix.sitecorporate%2C15.5.0%2CN&reqm=bitrix.eshop&lim=Y&SUPD_SRS=RU&SUPD_CMP=N
2023-05-19 18:43:09 -  - exec CUpdateClientPartner::GetHTTPPage
2023-05-19 18:43:09 -  - TIME LoadModulesUpdates(request) 0.332 sec
2023-05-19 18:43:09 -  - exec CUpdateClientPartner::ParseServerData
2023-05-19 18:43:09 - S - STEP
2023-05-19 18:43:09 - LM4W01 - loadModule4Wizard-Step
2023-05-19 18:43:09 -  - exec CUpdateClientPartner::LoadModulesUpdates
2023-05-19 18:43:09 -  - exec CUpdateClientPartner::ParseServerData
2023-05-19 18:43:09 -  - loadFile
2023-05-19 18:43:09 - U - RETURN
2023-05-19 18:43:09 -  - exec CUpdateClientPartner::UnGzipArchive
2023-05-19 18:43:09 -  - TIME UnGzipArchive 0.004 sec
2023-05-19 18:43:09 - CSURUS1 - Run updater '/bitrix/updates/update_m1684510989/bitrix.eshop/updater16.0.0.php'
2023-05-19 18:43:09 -  - TIME UpdateStepModules 0.005 sec
2023-05-19 18:43:09 -  - exec CUpdateClientPartner::LoadModulesUpdates
2023-05-19 18:43:09 -  - exec CUpdateClientPartner::__CollectRequestData
2023-05-19 18:43:09 -  - utf=Y&lang=ru&stable=Y&CANGZIP=Y&SUPD_DBS=MYSQL&XE=N&CLIENT_SITE=localsite&LICENSE_KEY=X&SUPD_STS=1&SUPD_URS=0&SUPD_URSA=1&TYPENC=D&CLIENT_PHPVER=7.4.33&NGINX=Y&dbv=5.6.51&instm=main%2C22.0.300%2CY%3Blanding%2C21.1300.200%2CN%3Bbitrix.eshop%2C16.0.0%2CN%3Bui%2C22.400.50%2CN%3Bsearch%2C22.0.0%2CN%3Biblock%2C21.800.300%2CN%3Bfileman%2C22.0.0%2CN%3Bperfmon%2C21.0.0%2CN%3Bseo%2C22.0.200%2CN%3Bclouds%2C22.0.0%2CN%3Btranslate%2C21.100.0%2CN%3Bbitrixcloud%2C22.0.0%2CN%3Brest%2C22.0.100%2CN%3Bmessageservice%2C22.200.100%2CN%3Bb24connector%2C21.100.0%2CN%3Bhighloadblock%2C22.200.0%2CN%3Bsocialservices%2C22.0.250%2CN%3Bbitrix.sitecorporate%2C15.5.0%2CN&reqm=bitrix.eshop&lim=Y&SUPD_SRS=RU&SUPD_CMP=N
2023-05-19 18:43:09 -  - exec CUpdateClientPartner::GetHTTPPage
2023-05-19 18:43:10 -  - TIME LoadModulesUpdates(request) 0.466 sec
2023-05-19 18:43:10 -  - exec CUpdateClientPartner::ParseServerData
2023-05-19 18:43:10 - S - STEP
2023-05-19 18:43:10 - LM4W01 - loadModule4Wizard-Step
2023-05-19 18:43:10 -  - exec CUpdateClientPartner::LoadModulesUpdates
2023-05-19 18:43:10 -  - exec CUpdateClientPartner::ParseServerData
2023-05-19 18:43:10 -  - loadFile
2023-05-19 18:43:10 - U - RETURN
2023-05-19 18:43:10 -  - exec CUpdateClientPartner::UnGzipArchive
2023-05-19 18:43:10 -  - TIME UnGzipArchive 0.018 sec
2023-05-19 18:43:10 - CSURUS1 - Run updater '/bitrix/updates/update_m1684510990/bitrix.eshop/updater16.5.0.php'
2023-05-19 18:43:10 -  - TIME UpdateStepModules 0.024 sec
2023-05-19 18:43:10 -  - exec CUpdateClientPartner::LoadModulesUpdates
2023-05-19 18:43:10 -  - exec CUpdateClientPartner::__CollectRequestData
2023-05-19 18:43:10 -  - utf=Y&lang=ru&stable=Y&CANGZIP=Y&SUPD_DBS=MYSQL&XE=N&CLIENT_SITE=localsite&LICENSE_KEY=X&SUPD_STS=1&SUPD_URS=0&SUPD_URSA=1&TYPENC=D&CLIENT_PHPVER=7.4.33&NGINX=Y&dbv=5.6.51&instm=main%2C22.0.300%2CY%3Blanding%2C21.1300.200%2CN%3Bbitrix.eshop%2C16.5.0%2CN%3Bui%2C22.400.50%2CN%3Bsearch%2C22.0.0%2CN%3Biblock%2C21.800.300%2CN%3Bfileman%2C22.0.0%2CN%3Bperfmon%2C21.0.0%2CN%3Bseo%2C22.0.200%2CN%3Bclouds%2C22.0.0%2CN%3Btranslate%2C21.100.0%2CN%3Bbitrixcloud%2C22.0.0%2CN%3Brest%2C22.0.100%2CN%3Bmessageservice%2C22.200.100%2CN%3Bb24connector%2C21.100.0%2CN%3Bhighloadblock%2C22.200.0%2CN%3Bsocialservices%2C22.0.250%2CN%3Bbitrix.sitecorporate%2C15.5.0%2CN&reqm=bitrix.eshop&lim=Y&SUPD_SRS=RU&SUPD_CMP=N
2023-05-19 18:43:10 -  - exec CUpdateClientPartner::GetHTTPPage
2023-05-19 18:43:11 -  - TIME LoadModulesUpdates(request) 0.329 sec
2023-05-19 18:43:11 -  - exec CUpdateClientPartner::ParseServerData
2023-05-19 18:43:11 - S - STEP
2023-05-19 18:43:11 - LM4W01 - loadModule4Wizard-Step
2023-05-19 18:43:11 -  - exec CUpdateClientPartner::LoadModulesUpdates
2023-05-19 18:43:11 -  - exec CUpdateClientPartner::ParseServerData
2023-05-19 18:43:11 -  - loadFile
2023-05-19 18:43:11 - U - RETURN
2023-05-19 18:43:11 -  - exec CUpdateClientPartner::UnGzipArchive
2023-05-19 18:43:11 -  - TIME UnGzipArchive 0.002 sec
2023-05-19 18:43:11 - CSURUS1 - Run updater '/bitrix/updates/update_m1684510991/bitrix.eshop/updater16.5.1/index.php'
2023-05-19 18:43:11 -  - TIME UpdateStepModules 0.002 sec
2023-05-19 18:43:11 -  - exec CUpdateClientPartner::LoadModulesUpdates
2023-05-19 18:43:11 -  - exec CUpdateClientPartner::__CollectRequestData
2023-05-19 18:43:11 -  - utf=Y&lang=ru&stable=Y&CANGZIP=Y&SUPD_DBS=MYSQL&XE=N&CLIENT_SITE=localsite&LICENSE_KEY=X&SUPD_STS=1&SUPD_URS=0&SUPD_URSA=1&TYPENC=D&CLIENT_PHPVER=7.4.33&NGINX=Y&dbv=5.6.51&instm=main%2C22.0.300%2CY%3Blanding%2C21.1300.200%2CN%3Bbitrix.eshop%2C16.5.1%2CN%3Bui%2C22.400.50%2CN%3Bsearch%2C22.0.0%2CN%3Biblock%2C21.800.300%2CN%3Bfileman%2C22.0.0%2CN%3Bperfmon%2C21.0.0%2CN%3Bseo%2C22.0.200%2CN%3Bclouds%2C22.0.0%2CN%3Btranslate%2C21.100.0%2CN%3Bbitrixcloud%2C22.0.0%2CN%3Brest%2C22.0.100%2CN%3Bmessageservice%2C22.200.100%2CN%3Bb24connector%2C21.100.0%2CN%3Bhighloadblock%2C22.200.0%2CN%3Bsocialservices%2C22.0.250%2CN%3Bbitrix.sitecorporate%2C15.5.0%2CN&reqm=bitrix.eshop&lim=Y&SUPD_SRS=RU&SUPD_CMP=N
2023-05-19 18:43:11 -  - exec CUpdateClientPartner::GetHTTPPage
2023-05-19 18:43:11 -  - TIME LoadModulesUpdates(request) 0.316 sec
2023-05-19 18:43:11 -  - exec CUpdateClientPartner::ParseServerData
2023-05-19 18:43:11 - S - STEP
2023-05-19 18:43:11 - LM4W01 - loadModule4Wizard-Step
2023-05-19 18:43:11 -  - exec CUpdateClientPartner::LoadModulesUpdates
2023-05-19 18:43:11 -  - exec CUpdateClientPartner::ParseServerData
2023-05-19 18:43:11 -  - loadFile
2023-05-19 18:43:12 - U - RETURN
2023-05-19 18:43:12 -  - exec CUpdateClientPartner::UnGzipArchive
2023-05-19 18:43:12 -  - TIME UnGzipArchive 0.003 sec
2023-05-19 18:43:12 - CSURUS1 - Run updater '/bitrix/updates/update_m1684510992/bitrix.eshop/updater16.5.2.php'
2023-05-19 18:43:12 -  - TIME UpdateStepModules 0.003 sec
2023-05-19 18:43:12 -  - exec CUpdateClientPartner::LoadModulesUpdates
2023-05-19 18:43:12 -  - exec CUpdateClientPartner::__CollectRequestData
2023-05-19 18:43:12 -  - utf=Y&lang=ru&stable=Y&CANGZIP=Y&SUPD_DBS=MYSQL&XE=N&CLIENT_SITE=localsite&LICENSE_KEY=X&SUPD_STS=1&SUPD_URS=0&SUPD_URSA=1&TYPENC=D&CLIENT_PHPVER=7.4.33&NGINX=Y&dbv=5.6.51&instm=main%2C22.0.300%2CY%3Blanding%2C21.1300.200%2CN%3Bbitrix.eshop%2C16.5.2%2CN%3Bui%2C22.400.50%2CN%3Bsearch%2C22.0.0%2CN%3Biblock%2C21.800.300%2CN%3Bfileman%2C22.0.0%2CN%3Bperfmon%2C21.0.0%2CN%3Bseo%2C22.0.200%2CN%3Bclouds%2C22.0.0%2CN%3Btranslate%2C21.100.0%2CN%3Bbitrixcloud%2C22.0.0%2CN%3Brest%2C22.0.100%2CN%3Bmessageservice%2C22.200.100%2CN%3Bb24connector%2C21.100.0%2CN%3Bhighloadblock%2C22.200.0%2CN%3Bsocialservices%2C22.0.250%2CN%3Bbitrix.sitecorporate%2C15.5.0%2CN&reqm=bitrix.eshop&lim=Y&SUPD_SRS=RU&SUPD_CMP=N
2023-05-19 18:43:12 -  - exec CUpdateClientPartner::GetHTTPPage
2023-05-19 18:43:12 -  - TIME LoadModulesUpdates(request) 0.341 sec
2023-05-19 18:43:12 -  - exec CUpdateClientPartner::ParseServerData
2023-05-19 18:43:12 - S - STEP
2023-05-19 18:43:12 - LM4W01 - loadModule4Wizard-Step
2023-05-19 18:43:12 -  - exec CUpdateClientPartner::LoadModulesUpdates
2023-05-19 18:43:12 -  - exec CUpdateClientPartner::ParseServerData
2023-05-19 18:43:12 -  - loadFile
2023-05-19 18:43:12 - U - RETURN
2023-05-19 18:43:12 -  - exec CUpdateClientPartner::UnGzipArchive
2023-05-19 18:43:12 -  - TIME UnGzipArchive 0.003 sec
2023-05-19 18:43:12 - CSURUS1 - Run updater '/bitrix/updates/update_m1684510992/bitrix.eshop/updater16.5.3.php'
2023-05-19 18:43:12 -  - TIME UpdateStepModules 0.007 sec
2023-05-19 18:43:12 -  - exec CUpdateClientPartner::LoadModulesUpdates
2023-05-19 18:43:12 -  - exec CUpdateClientPartner::__CollectRequestData
2023-05-19 18:43:12 -  - utf=Y&lang=ru&stable=Y&CANGZIP=Y&SUPD_DBS=MYSQL&XE=N&CLIENT_SITE=localsite&LICENSE_KEY=X&SUPD_STS=1&SUPD_URS=0&SUPD_URSA=1&TYPENC=D&CLIENT_PHPVER=7.4.33&NGINX=Y&dbv=5.6.51&instm=main%2C22.0.300%2CY%3Blanding%2C21.1300.200%2CN%3Bbitrix.eshop%2C16.5.3%2CN%3Bui%2C22.400.50%2CN%3Bsearch%2C22.0.0%2CN%3Biblock%2C21.800.300%2CN%3Bfileman%2C22.0.0%2CN%3Bperfmon%2C21.0.0%2CN%3Bseo%2C22.0.200%2CN%3Bclouds%2C22.0.0%2CN%3Btranslate%2C21.100.0%2CN%3Bbitrixcloud%2C22.0.0%2CN%3Brest%2C22.0.100%2CN%3Bmessageservice%2C22.200.100%2CN%3Bb24connector%2C21.100.0%2CN%3Bhighloadblock%2C22.200.0%2CN%3Bsocialservices%2C22.0.250%2CN%3Bbitrix.sitecorporate%2C15.5.0%2CN&reqm=bitrix.eshop&lim=Y&SUPD_SRS=RU&SUPD_CMP=N
2023-05-19 18:43:12 -  - exec CUpdateClientPartner::GetHTTPPage
2023-05-19 18:43:13 -  - TIME LoadModulesUpdates(request) 0.365 sec
2023-05-19 18:43:13 -  - exec CUpdateClientPartner::ParseServerData
2023-05-19 18:43:13 - S - STEP
2023-05-19 18:43:13 - LM4W01 - loadModule4Wizard-Step
2023-05-19 18:43:13 -  - exec CUpdateClientPartner::LoadModulesUpdates
2023-05-19 18:43:13 -  - exec CUpdateClientPartner::ParseServerData
2023-05-19 18:43:13 -  - loadFile
2023-05-19 18:43:13 - U - RETURN
2023-05-19 18:43:13 -  - exec CUpdateClientPartner::UnGzipArchive
2023-05-19 18:43:13 -  - TIME UnGzipArchive 0.01 sec
2023-05-19 18:43:13 - CSURUS1 - Run updater '/bitrix/updates/update_m1684510993/bitrix.eshop/updater16.5.4.php'
2023-05-19 18:43:13 -  - TIME UpdateStepModules 0.005 sec
2023-05-19 18:43:13 -  - exec CUpdateClientPartner::LoadModulesUpdates
2023-05-19 18:43:13 -  - exec CUpdateClientPartner::__CollectRequestData
2023-05-19 18:43:13 -  - utf=Y&lang=ru&stable=Y&CANGZIP=Y&SUPD_DBS=MYSQL&XE=N&CLIENT_SITE=localsite&LICENSE_KEY=X&SUPD_STS=1&SUPD_URS=0&SUPD_URSA=1&TYPENC=D&CLIENT_PHPVER=7.4.33&NGINX=Y&dbv=5.6.51&instm=main%2C22.0.300%2CY%3Blanding%2C21.1300.200%2CN%3Bbitrix.eshop%2C16.5.4%2CN%3Bui%2C22.400.50%2CN%3Bsearch%2C22.0.0%2CN%3Biblock%2C21.800.300%2CN%3Bfileman%2C22.0.0%2CN%3Bperfmon%2C21.0.0%2CN%3Bseo%2C22.0.200%2CN%3Bclouds%2C22.0.0%2CN%3Btranslate%2C21.100.0%2CN%3Bbitrixcloud%2C22.0.0%2CN%3Brest%2C22.0.100%2CN%3Bmessageservice%2C22.200.100%2CN%3Bb24connector%2C21.100.0%2CN%3Bhighloadblock%2C22.200.0%2CN%3Bsocialservices%2C22.0.250%2CN%3Bbitrix.sitecorporate%2C15.5.0%2CN&reqm=bitrix.eshop&lim=Y&SUPD_SRS=RU&SUPD_CMP=N
2023-05-19 18:43:13 -  - exec CUpdateClientPartner::GetHTTPPage
2023-05-19 18:43:13 -  - TIME LoadModulesUpdates(request) 0.356 sec
2023-05-19 18:43:13 -  - exec CUpdateClientPartner::ParseServerData
2023-05-19 18:43:13 - S - STEP
2023-05-19 18:43:13 - LM4W01 - loadModule4Wizard-Step
2023-05-19 18:43:13 -  - exec CUpdateClientPartner::LoadModulesUpdates
2023-05-19 18:43:13 -  - exec CUpdateClientPartner::ParseServerData
2023-05-19 18:43:13 -  - loadFile
2023-05-19 18:43:14 - U - RETURN
2023-05-19 18:43:14 -  - exec CUpdateClientPartner::UnGzipArchive
2023-05-19 18:43:14 -  - TIME UnGzipArchive 0.035 sec
2023-05-19 18:43:14 - CSURUS1 - Run updater '/bitrix/updates/update_m1684510994/bitrix.eshop/updater17.0.0/index.php'
2023-05-19 18:43:14 -  - TIME UpdateStepModules 0.035 sec
2023-05-19 18:43:14 -  - exec CUpdateClientPartner::LoadModulesUpdates
2023-05-19 18:43:14 -  - exec CUpdateClientPartner::__CollectRequestData
2023-05-19 18:43:14 -  - utf=Y&lang=ru&stable=Y&CANGZIP=Y&SUPD_DBS=MYSQL&XE=N&CLIENT_SITE=localsite&LICENSE_KEY=X&SUPD_STS=1&SUPD_URS=0&SUPD_URSA=1&TYPENC=D&CLIENT_PHPVER=7.4.33&NGINX=Y&dbv=5.6.51&instm=main%2C22.0.300%2CY%3Blanding%2C21.1300.200%2CN%3Bbitrix.eshop%2C17.0.0%2CN%3Bui%2C22.400.50%2CN%3Bsearch%2C22.0.0%2CN%3Biblock%2C21.800.300%2CN%3Bfileman%2C22.0.0%2CN%3Bperfmon%2C21.0.0%2CN%3Bseo%2C22.0.200%2CN%3Bclouds%2C22.0.0%2CN%3Btranslate%2C21.100.0%2CN%3Bbitrixcloud%2C22.0.0%2CN%3Brest%2C22.0.100%2CN%3Bmessageservice%2C22.200.100%2CN%3Bb24connector%2C21.100.0%2CN%3Bhighloadblock%2C22.200.0%2CN%3Bsocialservices%2C22.0.250%2CN%3Bbitrix.sitecorporate%2C15.5.0%2CN&reqm=bitrix.eshop&lim=Y&SUPD_SRS=RU&SUPD_CMP=N
2023-05-19 18:43:14 -  - exec CUpdateClientPartner::GetHTTPPage
2023-05-19 18:43:14 -  - TIME LoadModulesUpdates(request) 0.338 sec
2023-05-19 18:43:14 -  - exec CUpdateClientPartner::ParseServerData
2023-05-19 18:43:14 - S - STEP
2023-05-19 18:43:14 - LM4W01 - loadModule4Wizard-Step
2023-05-19 18:43:14 -  - exec CUpdateClientPartner::LoadModulesUpdates
2023-05-19 18:43:14 -  - exec CUpdateClientPartner::ParseServerData
2023-05-19 18:43:14 -  - loadFile
2023-05-19 18:43:15 - U - RETURN
2023-05-19 18:43:15 -  - exec CUpdateClientPartner::UnGzipArchive
2023-05-19 18:43:15 -  - TIME UnGzipArchive 0.002 sec
2023-05-19 18:43:15 - CSURUS1 - Run updater '/bitrix/updates/update_m1684510995/bitrix.eshop/updater17.0.1.php'
2023-05-19 18:43:15 -  - TIME UpdateStepModules 0.005 sec
2023-05-19 18:43:15 -  - exec CUpdateClientPartner::LoadModulesUpdates
2023-05-19 18:43:15 -  - exec CUpdateClientPartner::__CollectRequestData
2023-05-19 18:43:15 -  - utf=Y&lang=ru&stable=Y&CANGZIP=Y&SUPD_DBS=MYSQL&XE=N&CLIENT_SITE=localsite&LICENSE_KEY=X&SUPD_STS=1&SUPD_URS=0&SUPD_URSA=1&TYPENC=D&CLIENT_PHPVER=7.4.33&NGINX=Y&dbv=5.6.51&instm=main%2C22.0.300%2CY%3Blanding%2C21.1300.200%2CN%3Bbitrix.eshop%2C17.0.1%2CN%3Bui%2C22.400.50%2CN%3Bsearch%2C22.0.0%2CN%3Biblock%2C21.800.300%2CN%3Bfileman%2C22.0.0%2CN%3Bperfmon%2C21.0.0%2CN%3Bseo%2C22.0.200%2CN%3Bclouds%2C22.0.0%2CN%3Btranslate%2C21.100.0%2CN%3Bbitrixcloud%2C22.0.0%2CN%3Brest%2C22.0.100%2CN%3Bmessageservice%2C22.200.100%2CN%3Bb24connector%2C21.100.0%2CN%3Bhighloadblock%2C22.200.0%2CN%3Bsocialservices%2C22.0.250%2CN%3Bbitrix.sitecorporate%2C15.5.0%2CN&reqm=bitrix.eshop&lim=Y&SUPD_SRS=RU&SUPD_CMP=N
2023-05-19 18:43:15 -  - exec CUpdateClientPartner::GetHTTPPage
2023-05-19 18:43:15 -  - TIME LoadModulesUpdates(request) 0.318 sec
2023-05-19 18:43:15 -  - exec CUpdateClientPartner::ParseServerData
2023-05-19 18:43:15 - S - STEP
2023-05-19 18:43:15 - LM4W01 - loadModule4Wizard-Step
2023-05-19 18:43:15 -  - exec CUpdateClientPartner::LoadModulesUpdates
2023-05-19 18:43:15 -  - exec CUpdateClientPartner::ParseServerData
2023-05-19 18:43:15 -  - loadFile
2023-05-19 18:43:16 - U - RETURN
2023-05-19 18:43:16 -  - exec CUpdateClientPartner::UnGzipArchive
2023-05-19 18:43:16 -  - TIME UnGzipArchive 0.128 sec
2023-05-19 18:43:16 - CSURUS1 - Run updater '/bitrix/updates/update_m1684510996/bitrix.eshop/updater17.5.0.php'
2023-05-19 18:43:16 -  - TIME UpdateStepModules 0.11 sec
2023-05-19 18:43:16 -  - exec CUpdateClientPartner::LoadModulesUpdates
2023-05-19 18:43:16 -  - exec CUpdateClientPartner::__CollectRequestData
2023-05-19 18:43:16 -  - utf=Y&lang=ru&stable=Y&CANGZIP=Y&SUPD_DBS=MYSQL&XE=N&CLIENT_SITE=localsite&LICENSE_KEY=X&SUPD_STS=1&SUPD_URS=0&SUPD_URSA=1&TYPENC=D&CLIENT_PHPVER=7.4.33&NGINX=Y&dbv=5.6.51&instm=main%2C22.0.300%2CY%3Blanding%2C21.1300.200%2CN%3Bbitrix.eshop%2C17.5.0%2CN%3Bui%2C22.400.50%2CN%3Bsearch%2C22.0.0%2CN%3Biblock%2C21.800.300%2CN%3Bfileman%2C22.0.0%2CN%3Bperfmon%2C21.0.0%2CN%3Bseo%2C22.0.200%2CN%3Bclouds%2C22.0.0%2CN%3Btranslate%2C21.100.0%2CN%3Bbitrixcloud%2C22.0.0%2CN%3Brest%2C22.0.100%2CN%3Bmessageservice%2C22.200.100%2CN%3Bb24connector%2C21.100.0%2CN%3Bhighloadblock%2C22.200.0%2CN%3Bsocialservices%2C22.0.250%2CN%3Bbitrix.sitecorporate%2C15.5.0%2CN&reqm=bitrix.eshop&lim=Y&SUPD_SRS=RU&SUPD_CMP=N
2023-05-19 18:43:16 -  - exec CUpdateClientPartner::GetHTTPPage
2023-05-19 18:43:17 -  - TIME LoadModulesUpdates(request) 0.347 sec
2023-05-19 18:43:17 -  - exec CUpdateClientPartner::ParseServerData
2023-05-19 18:43:17 - S - STEP
2023-05-19 18:43:17 - LM4W01 - loadModule4Wizard-Step
2023-05-19 18:43:17 -  - exec CUpdateClientPartner::LoadModulesUpdates
2023-05-19 18:43:17 -  - exec CUpdateClientPartner::ParseServerData
2023-05-19 18:43:17 -  - loadFile
2023-05-19 18:43:17 - U - RETURN
2023-05-19 18:43:17 -  - exec CUpdateClientPartner::UnGzipArchive
2023-05-19 18:43:17 -  - TIME UnGzipArchive 0.082 sec
2023-05-19 18:43:17 - CSURUS1 - Run updater '/bitrix/updates/update_m1684510997/bitrix.eshop/updater18.0.0/index.php'
2023-05-19 18:43:17 -  - TIME UpdateStepModules 0.043 sec
2023-05-19 18:43:17 -  - exec CUpdateClientPartner::LoadModulesUpdates
2023-05-19 18:43:17 -  - exec CUpdateClientPartner::__CollectRequestData
2023-05-19 18:43:17 -  - utf=Y&lang=ru&stable=Y&CANGZIP=Y&SUPD_DBS=MYSQL&XE=N&CLIENT_SITE=localsite&LICENSE_KEY=X&SUPD_STS=1&SUPD_URS=0&SUPD_URSA=1&TYPENC=D&CLIENT_PHPVER=7.4.33&NGINX=Y&dbv=5.6.51&instm=main%2C22.0.300%2CY%3Blanding%2C21.1300.200%2CN%3Bbitrix.eshop%2C18.0.0%2CN%3Bui%2C22.400.50%2CN%3Bsearch%2C22.0.0%2CN%3Biblock%2C21.800.300%2CN%3Bfileman%2C22.0.0%2CN%3Bperfmon%2C21.0.0%2CN%3Bseo%2C22.0.200%2CN%3Bclouds%2C22.0.0%2CN%3Btranslate%2C21.100.0%2CN%3Bbitrixcloud%2C22.0.0%2CN%3Brest%2C22.0.100%2CN%3Bmessageservice%2C22.200.100%2CN%3Bb24connector%2C21.100.0%2CN%3Bhighloadblock%2C22.200.0%2CN%3Bsocialservices%2C22.0.250%2CN%3Bbitrix.sitecorporate%2C15.5.0%2CN&reqm=bitrix.eshop&lim=Y&SUPD_SRS=RU&SUPD_CMP=N
2023-05-19 18:43:17 -  - exec CUpdateClientPartner::GetHTTPPage
2023-05-19 18:43:18 -  - TIME LoadModulesUpdates(request) 0.38 sec
2023-05-19 18:43:18 -  - exec CUpdateClientPartner::ParseServerData
2023-05-19 18:43:18 - S - STEP
2023-05-19 18:43:18 - LM4W01 - loadModule4Wizard-Step
2023-05-19 18:43:18 -  - exec CUpdateClientPartner::LoadModulesUpdates
2023-05-19 18:43:18 -  - exec CUpdateClientPartner::ParseServerData
2023-05-19 18:43:18 -  - loadFile
2023-05-19 18:43:18 - U - RETURN
2023-05-19 18:43:18 -  - exec CUpdateClientPartner::UnGzipArchive
2023-05-19 18:43:18 -  - TIME UnGzipArchive 0.031 sec
2023-05-19 18:43:18 - CSURUS1 - Run updater '/bitrix/updates/update_m1684510998/bitrix.eshop/updater18.5.0/index.php'
2023-05-19 18:43:18 -  - TIME UpdateStepModules 0.031 sec
2023-05-19 18:43:18 -  - exec CUpdateClientPartner::LoadModulesUpdates
2023-05-19 18:43:18 -  - exec CUpdateClientPartner::__CollectRequestData
2023-05-19 18:43:18 -  - utf=Y&lang=ru&stable=Y&CANGZIP=Y&SUPD_DBS=MYSQL&XE=N&CLIENT_SITE=localsite&LICENSE_KEY=X&SUPD_STS=1&SUPD_URS=0&SUPD_URSA=1&TYPENC=D&CLIENT_PHPVER=7.4.33&NGINX=Y&dbv=5.6.51&instm=main%2C22.0.300%2CY%3Blanding%2C21.1300.200%2CN%3Bbitrix.eshop%2C18.5.0%2CN%3Bui%2C22.400.50%2CN%3Bsearch%2C22.0.0%2CN%3Biblock%2C21.800.300%2CN%3Bfileman%2C22.0.0%2CN%3Bperfmon%2C21.0.0%2CN%3Bseo%2C22.0.200%2CN%3Bclouds%2C22.0.0%2CN%3Btranslate%2C21.100.0%2CN%3Bbitrixcloud%2C22.0.0%2CN%3Brest%2C22.0.100%2CN%3Bmessageservice%2C22.200.100%2CN%3Bb24connector%2C21.100.0%2CN%3Bhighloadblock%2C22.200.0%2CN%3Bsocialservices%2C22.0.250%2CN%3Bbitrix.sitecorporate%2C15.5.0%2CN&reqm=bitrix.eshop&lim=Y&SUPD_SRS=RU&SUPD_CMP=N
2023-05-19 18:43:18 -  - exec CUpdateClientPartner::GetHTTPPage
2023-05-19 18:43:19 -  - TIME LoadModulesUpdates(request) 0.368 sec
2023-05-19 18:43:19 -  - exec CUpdateClientPartner::ParseServerData
2023-05-19 18:43:19 - S - STEP
2023-05-19 18:43:19 - LM4W01 - loadModule4Wizard-Step
2023-05-19 18:43:19 -  - exec CUpdateClientPartner::LoadModulesUpdates
2023-05-19 18:43:19 -  - exec CUpdateClientPartner::ParseServerData
2023-05-19 18:43:19 -  - loadFile
2023-05-19 18:43:19 - U - RETURN
2023-05-19 18:43:19 -  - exec CUpdateClientPartner::UnGzipArchive
2023-05-19 18:43:19 -  - TIME UnGzipArchive 0.01 sec
2023-05-19 18:43:19 - CSURUS1 - Run updater '/bitrix/updates/update_m1684510999/bitrix.eshop/updater20.5.0.php'
2023-05-19 18:43:19 -  - TIME UpdateStepModules 0.018 sec
2023-05-19 18:43:19 -  - exec CUpdateClientPartner::LoadModulesUpdates
2023-05-19 18:43:19 -  - exec CUpdateClientPartner::__CollectRequestData
2023-05-19 18:43:19 -  - utf=Y&lang=ru&stable=Y&CANGZIP=Y&SUPD_DBS=MYSQL&XE=N&CLIENT_SITE=localsite&LICENSE_KEY=X&SUPD_STS=1&SUPD_URS=0&SUPD_URSA=1&TYPENC=D&CLIENT_PHPVER=7.4.33&NGINX=Y&dbv=5.6.51&instm=main%2C22.0.300%2CY%3Blanding%2C21.1300.200%2CN%3Bbitrix.eshop%2C20.5.0%2CN%3Bui%2C22.400.50%2CN%3Bsearch%2C22.0.0%2CN%3Biblock%2C21.800.300%2CN%3Bfileman%2C22.0.0%2CN%3Bperfmon%2C21.0.0%2CN%3Bseo%2C22.0.200%2CN%3Bclouds%2C22.0.0%2CN%3Btranslate%2C21.100.0%2CN%3Bbitrixcloud%2C22.0.0%2CN%3Brest%2C22.0.100%2CN%3Bmessageservice%2C22.200.100%2CN%3Bb24connector%2C21.100.0%2CN%3Bhighloadblock%2C22.200.0%2CN%3Bsocialservices%2C22.0.250%2CN%3Bbitrix.sitecorporate%2C15.5.0%2CN&reqm=bitrix.eshop&lim=Y&SUPD_SRS=RU&SUPD_CMP=N
2023-05-19 18:43:19 -  - exec CUpdateClientPartner::GetHTTPPage
2023-05-19 18:43:20 -  - TIME LoadModulesUpdates(request) 0.352 sec
2023-05-19 18:43:20 -  - exec CUpdateClientPartner::ParseServerData
2023-05-19 18:43:20 - S - STEP
2023-05-19 18:43:20 - LM4W01 - loadModule4Wizard-Step
2023-05-19 18:43:20 -  - exec CUpdateClientPartner::LoadModulesUpdates
2023-05-19 18:43:20 -  - exec CUpdateClientPartner::ParseServerData
2023-05-19 18:43:20 -  - loadFile
2023-05-19 18:43:20 - U - RETURN
2023-05-19 18:43:20 -  - exec CUpdateClientPartner::UnGzipArchive
2023-05-19 18:43:20 -  - TIME UnGzipArchive 0.044 sec
2023-05-19 18:43:20 - CSURUS1 - Run updater '/bitrix/updates/update_m1684511000/bitrix.eshop/updater21.0.0.php'
2023-05-19 18:43:20 -  - TIME UpdateStepModules 0.039 sec
2023-05-19 18:43:20 -  - exec CUpdateClientPartner::LoadModulesUpdates
2023-05-19 18:43:20 -  - exec CUpdateClientPartner::__CollectRequestData
2023-05-19 18:43:20 -  - utf=Y&lang=ru&stable=Y&CANGZIP=Y&SUPD_DBS=MYSQL&XE=N&CLIENT_SITE=localsite&LICENSE_KEY=X&SUPD_STS=1&SUPD_URS=0&SUPD_URSA=1&TYPENC=D&CLIENT_PHPVER=7.4.33&NGINX=Y&dbv=5.6.51&instm=main%2C22.0.300%2CY%3Blanding%2C21.1300.200%2CN%3Bbitrix.eshop%2C21.0.0%2CN%3Bui%2C22.400.50%2CN%3Bsearch%2C22.0.0%2CN%3Biblock%2C21.800.300%2CN%3Bfileman%2C22.0.0%2CN%3Bperfmon%2C21.0.0%2CN%3Bseo%2C22.0.200%2CN%3Bclouds%2C22.0.0%2CN%3Btranslate%2C21.100.0%2CN%3Bbitrixcloud%2C22.0.0%2CN%3Brest%2C22.0.100%2CN%3Bmessageservice%2C22.200.100%2CN%3Bb24connector%2C21.100.0%2CN%3Bhighloadblock%2C22.200.0%2CN%3Bsocialservices%2C22.0.250%2CN%3Bbitrix.sitecorporate%2C15.5.0%2CN&reqm=bitrix.eshop&lim=Y&SUPD_SRS=RU&SUPD_CMP=N
2023-05-19 18:43:20 -  - exec CUpdateClientPartner::GetHTTPPage
2023-05-19 18:43:20 -  - TIME LoadModulesUpdates(request) 0.307 sec
2023-05-19 18:43:20 -  - exec CUpdateClientPartner::ParseServerData
2023-05-19 18:43:20 - S - STEP
2023-05-19 18:43:20 - LM4W01 - loadModule4Wizard-Step
2023-05-19 18:43:20 -  - exec CUpdateClientPartner::LoadModulesUpdates
2023-05-19 18:43:20 -  - exec CUpdateClientPartner::ParseServerData
2023-05-19 18:43:20 -  - loadFile
2023-05-19 18:43:21 - U - RETURN
2023-05-19 18:43:21 -  - exec CUpdateClientPartner::UnGzipArchive
2023-05-19 18:43:21 -  - TIME UnGzipArchive 0.002 sec
2023-05-19 18:43:21 - CSURUS1 - Run updater '/bitrix/updates/update_m1684511001/bitrix.eshop/updater21.0.100.php'
2023-05-19 18:43:21 -  - TIME UpdateStepModules 0.003 sec
2023-05-19 18:43:21 -  - exec CUpdateClientPartner::LoadModulesUpdates
2023-05-19 18:43:21 -  - exec CUpdateClientPartner::__CollectRequestData
2023-05-19 18:43:21 -  - utf=Y&lang=ru&stable=Y&CANGZIP=Y&SUPD_DBS=MYSQL&XE=N&CLIENT_SITE=localsite&LICENSE_KEY=X&SUPD_STS=1&SUPD_URS=0&SUPD_URSA=1&TYPENC=D&CLIENT_PHPVER=7.4.33&NGINX=Y&dbv=5.6.51&instm=main%2C22.0.300%2CY%3Blanding%2C21.1300.200%2CN%3Bbitrix.eshop%2C21.0.100%2CN%3Bui%2C22.400.50%2CN%3Bsearch%2C22.0.0%2CN%3Biblock%2C21.800.300%2CN%3Bfileman%2C22.0.0%2CN%3Bperfmon%2C21.0.0%2CN%3Bseo%2C22.0.200%2CN%3Bclouds%2C22.0.0%2CN%3Btranslate%2C21.100.0%2CN%3Bbitrixcloud%2C22.0.0%2CN%3Brest%2C22.0.100%2CN%3Bmessageservice%2C22.200.100%2CN%3Bb24connector%2C21.100.0%2CN%3Bhighloadblock%2C22.200.0%2CN%3Bsocialservices%2C22.0.250%2CN%3Bbitrix.sitecorporate%2C15.5.0%2CN&reqm=bitrix.eshop&lim=Y&SUPD_SRS=RU&SUPD_CMP=N
2023-05-19 18:43:21 -  - exec CUpdateClientPartner::GetHTTPPage
2023-05-19 18:43:21 -  - TIME LoadModulesUpdates(request) 0.31 sec
2023-05-19 18:43:21 -  - exec CUpdateClientPartner::ParseServerData
2023-05-19 18:43:21 - S - STEP
2023-05-19 18:43:21 - LM4W01 - loadModule4Wizard-Step
2023-05-19 18:43:21 -  - exec CUpdateClientPartner::LoadModulesUpdates
2023-05-19 18:43:21 -  - exec CUpdateClientPartner::ParseServerData
2023-05-19 18:43:21 -  - loadFile
2023-05-19 18:43:21 - U - RETURN
2023-05-19 18:43:21 -  - exec CUpdateClientPartner::UnGzipArchive
2023-05-19 18:43:21 -  - TIME UnGzipArchive 0.002 sec
2023-05-19 18:43:21 - CSURUS1 - Run updater '/bitrix/updates/update_m1684511001/bitrix.eshop/updater21.0.200.php'
2023-05-19 18:43:21 -  - TIME UpdateStepModules 0.003 sec
2023-05-19 18:43:21 -  - exec CUpdateClientPartner::LoadModulesUpdates
2023-05-19 18:43:21 -  - exec CUpdateClientPartner::__CollectRequestData
2023-05-19 18:43:21 -  - utf=Y&lang=ru&stable=Y&CANGZIP=Y&SUPD_DBS=MYSQL&XE=N&CLIENT_SITE=localsite&LICENSE_KEY=X&SUPD_STS=1&SUPD_URS=0&SUPD_URSA=1&TYPENC=D&CLIENT_PHPVER=7.4.33&NGINX=Y&dbv=5.6.51&instm=main%2C22.0.300%2CY%3Blanding%2C21.1300.200%2CN%3Bbitrix.eshop%2C21.0.200%2CN%3Bui%2C22.400.50%2CN%3Bsearch%2C22.0.0%2CN%3Biblock%2C21.800.300%2CN%3Bfileman%2C22.0.0%2CN%3Bperfmon%2C21.0.0%2CN%3Bseo%2C22.0.200%2CN%3Bclouds%2C22.0.0%2CN%3Btranslate%2C21.100.0%2CN%3Bbitrixcloud%2C22.0.0%2CN%3Brest%2C22.0.100%2CN%3Bmessageservice%2C22.200.100%2CN%3Bb24connector%2C21.100.0%2CN%3Bhighloadblock%2C22.200.0%2CN%3Bsocialservices%2C22.0.250%2CN%3Bbitrix.sitecorporate%2C15.5.0%2CN&reqm=bitrix.eshop&lim=Y&SUPD_SRS=RU&SUPD_CMP=N
2023-05-19 18:43:21 -  - exec CUpdateClientPartner::GetHTTPPage
2023-05-19 18:43:22 -  - TIME LoadModulesUpdates(request) 0.347 sec
2023-05-19 18:43:22 -  - exec CUpdateClientPartner::ParseServerData
2023-05-19 18:43:22 - S - STEP
2023-05-19 18:43:22 - LM4W01 - loadModule4Wizard-Step
2023-05-19 18:43:22 -  - exec CUpdateClientPartner::LoadModulesUpdates
2023-05-19 18:43:22 -  - exec CUpdateClientPartner::ParseServerData
2023-05-19 18:43:22 -  - loadFile
2023-05-19 18:43:22 - U - RETURN
2023-05-19 18:43:22 -  - exec CUpdateClientPartner::UnGzipArchive
2023-05-19 18:43:22 -  - TIME UnGzipArchive 0.083 sec
2023-05-19 18:43:22 - CSURUS1 - Run updater '/bitrix/updates/update_m1684511002/bitrix.eshop/updater22.0.0.php'
2023-05-19 18:43:22 -  - TIME UpdateStepModules 0.036 sec
2023-05-19 18:43:22 -  - exec CUpdateClientPartner::LoadModulesUpdates
2023-05-19 18:43:22 -  - exec CUpdateClientPartner::__CollectRequestData
2023-05-19 18:43:22 -  - utf=Y&lang=ru&stable=Y&CANGZIP=Y&SUPD_DBS=MYSQL&XE=N&CLIENT_SITE=localsite&LICENSE_KEY=X&SUPD_STS=1&SUPD_URS=0&SUPD_URSA=1&TYPENC=D&CLIENT_PHPVER=7.4.33&NGINX=Y&dbv=5.6.51&instm=main%2C22.0.300%2CY%3Blanding%2C21.1300.200%2CN%3Bbitrix.eshop%2C22.0.0%2CN%3Bui%2C22.400.50%2CN%3Bsearch%2C22.0.0%2CN%3Biblock%2C21.800.300%2CN%3Bfileman%2C22.0.0%2CN%3Bperfmon%2C21.0.0%2CN%3Bseo%2C22.0.200%2CN%3Bclouds%2C22.0.0%2CN%3Btranslate%2C21.100.0%2CN%3Bbitrixcloud%2C22.0.0%2CN%3Brest%2C22.0.100%2CN%3Bmessageservice%2C22.200.100%2CN%3Bb24connector%2C21.100.0%2CN%3Bhighloadblock%2C22.200.0%2CN%3Bsocialservices%2C22.0.250%2CN%3Bbitrix.sitecorporate%2C15.5.0%2CN&reqm=bitrix.eshop&lim=Y&SUPD_SRS=RU&SUPD_CMP=N
2023-05-19 18:43:22 -  - exec CUpdateClientPartner::GetHTTPPage
2023-05-19 18:43:23 -  - TIME LoadModulesUpdates(request) 0.355 sec
2023-05-19 18:43:23 -  - exec CUpdateClientPartner::ParseServerData
2023-05-19 18:43:23 - S - STEP
2023-05-19 18:43:23 - LM4W01 - loadModule4Wizard-Step
2023-05-19 18:43:23 -  - exec CUpdateClientPartner::LoadModulesUpdates
2023-05-19 18:43:23 -  - exec CUpdateClientPartner::ParseServerData
2023-05-19 18:43:23 -  - loadFile
2023-05-19 18:43:23 - U - RETURN
2023-05-19 18:43:23 -  - exec CUpdateClientPartner::UnGzipArchive
2023-05-19 18:43:23 -  - TIME UnGzipArchive 0.002 sec
2023-05-19 18:43:23 - CSURUS1 - Run updater '/bitrix/updates/update_m1684511003/bitrix.eshop/updater22.100.0.php'
2023-05-19 18:43:23 -  - TIME UpdateStepModules 0.003 sec
2023-05-19 18:43:23 -  - exec CUpdateClientPartner::LoadModulesUpdates
2023-05-19 18:43:23 -  - exec CUpdateClientPartner::__CollectRequestData
2023-05-19 18:43:23 -  - utf=Y&lang=ru&stable=Y&CANGZIP=Y&SUPD_DBS=MYSQL&XE=N&CLIENT_SITE=localsite&LICENSE_KEY=X&SUPD_STS=1&SUPD_URS=0&SUPD_URSA=1&TYPENC=D&CLIENT_PHPVER=7.4.33&NGINX=Y&dbv=5.6.51&instm=main%2C22.0.300%2CY%3Blanding%2C21.1300.200%2CN%3Bbitrix.eshop%2C22.100.0%2CN%3Bui%2C22.400.50%2CN%3Bsearch%2C22.0.0%2CN%3Biblock%2C21.800.300%2CN%3Bfileman%2C22.0.0%2CN%3Bperfmon%2C21.0.0%2CN%3Bseo%2C22.0.200%2CN%3Bclouds%2C22.0.0%2CN%3Btranslate%2C21.100.0%2CN%3Bbitrixcloud%2C22.0.0%2CN%3Brest%2C22.0.100%2CN%3Bmessageservice%2C22.200.100%2CN%3Bb24connector%2C21.100.0%2CN%3Bhighloadblock%2C22.200.0%2CN%3Bsocialservices%2C22.0.250%2CN%3Bbitrix.sitecorporate%2C15.5.0%2CN&reqm=bitrix.eshop&lim=Y&SUPD_SRS=RU&SUPD_CMP=N
2023-05-19 18:43:23 -  - exec CUpdateClientPartner::GetHTTPPage
2023-05-19 18:43:23 -  - TIME LoadModulesUpdates(request) 0.344 sec
2023-05-19 18:43:23 -  - exec CUpdateClientPartner::ParseServerData
2023-05-19 18:43:23 - STEP - Finish - NOUPDATES
2023-05-19 18:43:23 - LM4W03 - Finish - NOUPDATES
2023-05-19 18:43:52 -  - exec CUpdateClientPartner::__CollectRequestData
2023-05-19 18:43:52 -  - exec CUpdateClientPartner::GetHTTPPage
2023-05-19 18:43:52 -  - exec CUpdateClientPartner::ParseServerData
2023-05-19 18:43:52 -  - exec CUpdateClientPartner::GetUpdatesList
2023-05-19 18:43:52 -  - exec CUpdateClientPartner::__CollectRequestData
2023-05-19 18:43:52 -  - utf=Y&lang=ru&stable=Y&CANGZIP=Y&SUPD_DBS=MYSQL&XE=N&CLIENT_SITE=localsite&LICENSE_KEY=X&SUPD_STS=1&SUPD_URS=0&SUPD_URSA=1&TYPENC=D&CLIENT_PHPVER=7.4.33&NGINX=Y&dbv=5.6.51&instm=main%2C22.0.300%2CY%3Blanding%2C21.1300.200%2CN%3Bbitrix.eshop%2C22.100.0%2CN%3Bui%2C22.400.50%2CN%3Bsearch%2C22.0.0%2CN%3Biblock%2C21.800.300%2CN%3Bfileman%2C22.0.0%2CN%3Bperfmon%2C21.0.0%2CN%3Bseo%2C22.0.200%2CN%3Bclouds%2C22.0.0%2CN%3Btranslate%2C21.100.0%2CN%3Bbitrixcloud%2C22.0.0%2CN%3Brest%2C22.0.100%2CN%3Bmessageservice%2C22.200.100%2CN%3Bb24connector%2C21.100.0%2CN%3Bhighloadblock%2C22.200.0%2CN%3Bsocialservices%2C22.0.250%2CN%3Bbitrix.sitecorporate%2C15.5.0%2CN&reqm=bitrix.eshop%2Cbitrix.sitecorporate&fullmoduleinfo=Y&SUPD_SRS=RU&SUPD_CMP=N
2023-05-19 18:43:52 -  - exec CUpdateClientPartner::GetHTTPPage
2023-05-19 18:43:52 -  - TIME GetUpdatesList(request) 0.326 sec
2023-05-19 18:43:52 -  - exec CUpdateClientPartner::ParseServerData
2023-05-19 18:43:52 -  - exec CUpdateClientPartner::__CollectRequestData
2023-05-19 18:43:52 -  - exec CUpdateClientPartner::GetHTTPPage
2023-05-19 18:43:53 -  - exec CUpdateClientPartner::ParseServerData
2023-05-19 18:53:17 -  - exec CUpdateClientPartner::GetUpdatesList
2023-05-19 18:53:17 -  - exec CUpdateClientPartner::__CollectRequestData
2023-05-19 18:53:17 -  - utf=Y&lang=ru&stable=Y&CANGZIP=Y&SUPD_DBS=MYSQL&XE=N&CLIENT_SITE=localsite&LICENSE_KEY=X&SUPD_STS=1&SUPD_URS=0&SUPD_URSA=1&TYPENC=D&CLIENT_PHPVER=7.4.33&NGINX=Y&dbv=5.6.51&instm=main%2C22.0.300%2CY%3Blanding%2C21.1300.200%2CN%3Bbitrix.eshop%2C22.100.0%2CN%3Bui%2C22.400.50%2CN%3Bsearch%2C22.0.0%2CN%3Biblock%2C21.800.300%2CN%3Bfileman%2C22.0.0%2CN%3Bperfmon%2C21.0.0%2CN%3Bseo%2C22.0.200%2CN%3Bclouds%2C22.0.0%2CN%3Btranslate%2C21.100.0%2CN%3Bbitrixcloud%2C22.0.0%2CN%3Brest%2C22.0.100%2CN%3Bmessageservice%2C22.200.100%2CN%3Bb24connector%2C21.100.0%2CN%3Bhighloadblock%2C22.200.0%2CN%3Bsocialservices%2C22.0.250%2CN%3Bbitrix.sitecorporate%2C15.5.0%2CN&reqm=bitrix.eshop%2Cbitrix.sitecorporate&SUPD_SRS=RU&SUPD_CMP=N
2023-05-19 18:53:17 -  - exec CUpdateClientPartner::GetHTTPPage
2023-05-19 18:53:18 -  - TIME GetUpdatesList(request) 0.754 sec
2023-05-19 18:53:18 -  - exec CUpdateClientPartner::ParseServerData
2023-05-19 18:53:34 -  - exec CUpdateClientPartner::GetUpdatesList
2023-05-19 18:53:34 -  - exec CUpdateClientPartner::__CollectRequestData
2023-05-19 18:53:34 -  - utf=Y&lang=ru&stable=Y&CANGZIP=Y&SUPD_DBS=MYSQL&XE=N&CLIENT_SITE=localsite&LICENSE_KEY=X&SUPD_STS=1&SUPD_URS=0&SUPD_URSA=1&TYPENC=D&CLIENT_PHPVER=7.4.33&NGINX=Y&dbv=5.6.51&instm=main%2C22.0.300%2CY%3Blanding%2C21.1300.200%2CN%3Bbitrix.eshop%2C22.100.0%2CN%3Bui%2C22.400.50%2CN%3Bsearch%2C22.0.0%2CN%3Biblock%2C21.800.300%2CN%3Bfileman%2C22.0.0%2CN%3Bperfmon%2C21.0.0%2CN%3Bseo%2C22.0.200%2CN%3Bclouds%2C22.0.0%2CN%3Btranslate%2C21.100.0%2CN%3Bbitrixcloud%2C22.0.0%2CN%3Brest%2C22.0.100%2CN%3Bmessageservice%2C22.200.100%2CN%3Bb24connector%2C21.100.0%2CN%3Bhighloadblock%2C22.200.0%2CN%3Bsocialservices%2C22.0.250%2CN%3Bbitrix.sitecorporate%2C15.5.0%2CN&reqm=bitrix.eshop%2Cbitrix.sitecorporate&SUPD_SRS=RU&SUPD_CMP=N
2023-05-19 18:53:34 -  - exec CUpdateClientPartner::GetHTTPPage
2023-05-19 18:53:35 -  - TIME GetUpdatesList(request) 0.395 sec
2023-05-19 18:53:35 -  - exec CUpdateClientPartner::ParseServerData
2023-05-19 19:03:08 -  - exec CUpdateClientPartner::GetUpdatesList
2023-05-19 19:03:08 -  - exec CUpdateClientPartner::__CollectRequestData
2023-05-19 19:03:08 -  - utf=Y&lang=ru&stable=Y&CANGZIP=Y&SUPD_DBS=MYSQL&XE=N&CLIENT_SITE=localsite&LICENSE_KEY=X&SUPD_STS=1&SUPD_URS=0&SUPD_URSA=1&TYPENC=D&CLIENT_PHPVER=7.4.33&NGINX=Y&dbv=5.6.51&instm=main%2C22.0.300%2CY%3Blanding%2C21.1300.200%2CN%3Bbitrix.eshop%2C22.100.0%2CN%3Bui%2C22.400.50%2CN%3Bsearch%2C22.0.0%2CN%3Biblock%2C21.800.300%2CN%3Bfileman%2C22.0.0%2CN%3Bperfmon%2C21.0.0%2CN%3Bseo%2C22.0.200%2CN%3Bclouds%2C22.0.0%2CN%3Btranslate%2C21.100.0%2CN%3Bbitrixcloud%2C22.0.0%2CN%3Brest%2C22.0.100%2CN%3Bmessageservice%2C22.200.100%2CN%3Bb24connector%2C21.100.0%2CN%3Bhighloadblock%2C22.200.0%2CN%3Bsocialservices%2C22.0.250%2CN%3Bbitrix.sitecorporate%2C15.5.0%2CN&reqm=bitrix.eshop%2Cbitrix.sitecorporate%2Cintec.universelite&SUPD_SRS=RU&SUPD_CMP=N
2023-05-19 19:03:08 -  - exec CUpdateClientPartner::GetHTTPPage
2023-05-19 19:03:09 -  - TIME GetUpdatesList(request) 0.476 sec
2023-05-19 19:03:09 -  - exec CUpdateClientPartner::ParseServerData
2023-05-19 19:03:20 -  - exec CUpdateClientPartner::LoadModulesUpdates
2023-05-19 19:03:20 -  - exec CUpdateClientPartner::__CollectRequestData
2023-05-19 19:03:20 -  - utf=Y&lang=ru&stable=Y&CANGZIP=Y&SUPD_DBS=MYSQL&XE=N&CLIENT_SITE=localsite&LICENSE_KEY=X&SUPD_STS=1&SUPD_URS=0&SUPD_URSA=1&TYPENC=D&CLIENT_PHPVER=7.4.33&NGINX=Y&dbv=5.6.51&instm=main%2C22.0.300%2CY%3Blanding%2C21.1300.200%2CN%3Bbitrix.eshop%2C22.100.0%2CN%3Bui%2C22.400.50%2CN%3Bsearch%2C22.0.0%2CN%3Biblock%2C21.800.300%2CN%3Bfileman%2C22.0.0%2CN%3Bperfmon%2C21.0.0%2CN%3Bseo%2C22.0.200%2CN%3Bclouds%2C22.0.0%2CN%3Btranslate%2C21.100.0%2CN%3Bbitrixcloud%2C22.0.0%2CN%3Brest%2C22.0.100%2CN%3Bmessageservice%2C22.200.100%2CN%3Bb24connector%2C21.100.0%2CN%3Bhighloadblock%2C22.200.0%2CN%3Bsocialservices%2C22.0.250%2CN%3Bbitrix.sitecorporate%2C15.5.0%2CN&reqm=intec.universelite&lim=Y&SUPD_SRS=RU&SUPD_CMP=N
2023-05-19 19:03:20 -  - exec CUpdateClientPartner::GetHTTPPage
2023-05-19 19:03:20 -  - TIME LoadModulesUpdates(request) 0.376 sec
2023-05-19 19:03:20 -  - exec CUpdateClientPartner::ParseServerData
2023-05-19 19:03:20 - S - STEP
2023-05-19 19:03:20 - LMU01 - LoadModulesUpdates-Step
2023-05-19 19:03:20 -  - exec CUpdateClientPartner::LoadModulesUpdates
2023-05-19 19:03:20 -  - exec CUpdateClientPartner::ParseServerData
2023-05-19 19:03:20 -  - loadFile
2023-05-19 19:03:35 - U - RETURN
2023-05-19 19:03:35 -  - exec CUpdateClientPartner::UnGzipArchive
2023-05-19 19:03:37 -  - TIME UnGzipArchive 2.122 sec
2023-05-19 19:03:40 -  - TIME UpdateStepModules 2.692 sec
2023-05-19 19:03:40 - UPD_SUCCESS - Updated: intec.universelite
2023-05-19 19:03:40 -  - exec CUpdateClientPartner::LoadModulesUpdates
2023-05-19 19:03:40 -  - exec CUpdateClientPartner::__CollectRequestData
2023-05-19 19:03:40 -  - utf=Y&lang=ru&stable=Y&CANGZIP=Y&SUPD_DBS=MYSQL&XE=N&CLIENT_SITE=localsite&LICENSE_KEY=X&SUPD_STS=1&SUPD_URS=0&SUPD_URSA=1&TYPENC=D&CLIENT_PHPVER=7.4.33&NGINX=Y&dbv=5.6.51&instm=main%2C22.0.300%2CY%3Blanding%2C21.1300.200%2CN%3Bbitrix.eshop%2C22.100.0%2CN%3Bui%2C22.400.50%2CN%3Bsearch%2C22.0.0%2CN%3Biblock%2C21.800.300%2CN%3Bfileman%2C22.0.0%2CN%3Bperfmon%2C21.0.0%2CN%3Bseo%2C22.0.200%2CN%3Bclouds%2C22.0.0%2CN%3Btranslate%2C21.100.0%2CN%3Bbitrixcloud%2C22.0.0%2CN%3Brest%2C22.0.100%2CN%3Bmessageservice%2C22.200.100%2CN%3Bb24connector%2C21.100.0%2CN%3Bhighloadblock%2C22.200.0%2CN%3Bsocialservices%2C22.0.250%2CN%3Bbitrix.sitecorporate%2C15.5.0%2CN%3Bintec.universelite%2C2.3.8%2CY&reqm=intec.universelite&lim=Y&SUPD_SRS=RU&SUPD_CMP=N
2023-05-19 19:03:40 -  - exec CUpdateClientPartner::GetHTTPPage
2023-05-19 19:03:41 -  - TIME LoadModulesUpdates(request) 0.355 sec
2023-05-19 19:03:41 -  - exec CUpdateClientPartner::ParseServerData
2023-05-19 19:03:41 - STEP - Finish - NOUPDATES
2023-05-19 19:03:41 - STEP - Finish - NOUPDATES
2023-05-19 19:04:19 -  - exec CUpdateClientPartner::GetUpdatesList
2023-05-19 19:04:19 -  - exec CUpdateClientPartner::__CollectRequestData
2023-05-19 19:04:19 -  - utf=Y&lang=ru&stable=Y&CANGZIP=Y&SUPD_DBS=MYSQL&XE=N&CLIENT_SITE=localsite&LICENSE_KEY=X&SUPD_STS=1&SUPD_URS=0&SUPD_URSA=1&TYPENC=D&CLIENT_PHPVER=7.4.33&NGINX=Y&dbv=5.6.51&instm=main%2C22.0.300%2CY%3Blanding%2C21.1300.200%2CN%3Bbitrix.eshop%2C22.100.0%2CN%3Bui%2C22.400.50%2CN%3Bsearch%2C22.0.0%2CN%3Biblock%2C21.800.300%2CN%3Bfileman%2C22.0.0%2CN%3Bperfmon%2C21.0.0%2CN%3Bseo%2C22.0.200%2CN%3Bclouds%2C22.0.0%2CN%3Btranslate%2C21.100.0%2CN%3Bbitrixcloud%2C22.0.0%2CN%3Brest%2C22.0.100%2CN%3Bmessageservice%2C22.200.100%2CN%3Bb24connector%2C21.100.0%2CN%3Bhighloadblock%2C22.200.0%2CN%3Bsocialservices%2C22.0.250%2CN%3Bbitrix.sitecorporate%2C15.5.0%2CN%3Bintec.universelite%2C2.3.8%2CY&reqm=bitrix.eshop%2Cbitrix.sitecorporate%2Cintec.universelite&fullmoduleinfo=Y&SUPD_SRS=RU&SUPD_CMP=N
2023-05-19 19:04:19 -  - exec CUpdateClientPartner::GetHTTPPage
2023-05-19 19:04:20 -  - TIME GetUpdatesList(request) 0.354 sec
2023-05-19 19:04:20 -  - exec CUpdateClientPartner::ParseServerData
2023-05-19 19:05:03 -  - exec CUpdateClientPartner::GetUpdatesList
2023-05-19 19:05:03 -  - exec CUpdateClientPartner::__CollectRequestData
2023-05-19 19:05:03 -  - utf=Y&lang=ru&stable=Y&CANGZIP=Y&SUPD_DBS=MYSQL&XE=N&CLIENT_SITE=localsite&LICENSE_KEY=X&SUPD_STS=1&SUPD_URS=0&SUPD_URSA=1&TYPENC=D&CLIENT_PHPVER=7.4.33&NGINX=Y&dbv=5.6.51&instm=main%2C22.0.300%2CY%3Blanding%2C21.1300.200%2CN%3Bbitrix.eshop%2C22.100.0%2CN%3Bui%2C22.400.50%2CN%3Bsearch%2C22.0.0%2CN%3Biblock%2C21.800.300%2CN%3Bfileman%2C22.0.0%2CN%3Bperfmon%2C21.0.0%2CN%3Bseo%2C22.0.200%2CN%3Bclouds%2C22.0.0%2CN%3Btranslate%2C21.100.0%2CN%3Bbitrixcloud%2C22.0.0%2CN%3Brest%2C22.0.100%2CN%3Bmessageservice%2C22.200.100%2CN%3Bb24connector%2C21.100.0%2CN%3Bhighloadblock%2C22.200.0%2CN%3Bsocialservices%2C22.0.250%2CN%3Bbitrix.sitecorporate%2C15.5.0%2CN%3Bintec.universelite%2C2.3.8%2CY&reqm=bitrix.eshop%2Cbitrix.sitecorporate%2Cintec.universelite&fullmoduleinfo=Y&SUPD_SRS=RU&SUPD_CMP=N
2023-05-19 19:05:03 -  - exec CUpdateClientPartner::GetHTTPPage
2023-05-19 19:05:04 -  - TIME GetUpdatesList(request) 0.319 sec
2023-05-19 19:05:04 -  - exec CUpdateClientPartner::ParseServerData
2023-05-19 19:05:16 -  - exec CUpdateClientPartner::GetUpdatesList
2023-05-19 19:05:16 -  - exec CUpdateClientPartner::__CollectRequestData
2023-05-19 19:05:16 -  - utf=Y&lang=ru&stable=Y&CANGZIP=Y&SUPD_DBS=MYSQL&XE=N&CLIENT_SITE=localsite&LICENSE_KEY=X&SUPD_STS=1&SUPD_URS=0&SUPD_URSA=1&TYPENC=D&CLIENT_PHPVER=7.4.33&NGINX=Y&dbv=5.6.51&instm=main%2C22.0.300%2CY%3Blanding%2C21.1300.200%2CN%3Bbitrix.eshop%2C22.100.0%2CN%3Bui%2C22.400.50%2CN%3Bsearch%2C22.0.0%2CN%3Biblock%2C21.800.300%2CN%3Bfileman%2C22.0.0%2CN%3Bperfmon%2C21.0.0%2CN%3Bseo%2C22.0.200%2CN%3Bclouds%2C22.0.0%2CN%3Btranslate%2C21.100.0%2CN%3Bbitrixcloud%2C22.0.0%2CN%3Brest%2C22.0.100%2CN%3Bmessageservice%2C22.200.100%2CN%3Bb24connector%2C21.100.0%2CN%3Bhighloadblock%2C22.200.0%2CN%3Bsocialservices%2C22.0.250%2CN%3Bbitrix.sitecorporate%2C15.5.0%2CN%3Bintec.universelite%2C2.3.8%2CY&reqm=bitrix.eshop%2Cbitrix.sitecorporate%2Cintec.universelite&fullmoduleinfo=Y&SUPD_SRS=RU&SUPD_CMP=N
2023-05-19 19:05:16 -  - exec CUpdateClientPartner::GetHTTPPage
2023-05-19 19:05:16 -  - TIME GetUpdatesList(request) 0.412 sec
2023-05-19 19:05:16 -  - exec CUpdateClientPartner::ParseServerData
2023-05-19 19:06:46 -  - exec CUpdateClientPartner::GetUpdatesList
2023-05-19 19:06:46 -  - exec CUpdateClientPartner::__CollectRequestData
2023-05-19 19:06:46 -  - utf=Y&lang=ru&stable=Y&CANGZIP=Y&SUPD_DBS=MYSQL&XE=N&CLIENT_SITE=localsite&LICENSE_KEY=X&SUPD_STS=1&SUPD_URS=0&SUPD_URSA=1&TYPENC=D&CLIENT_PHPVER=7.4.33&NGINX=Y&dbv=5.6.51&instm=main%2C22.0.300%2CY%3Blanding%2C21.1300.200%2CN%3Bbitrix.eshop%2C22.100.0%2CN%3Bui%2C22.400.50%2CN%3Bsearch%2C22.0.0%2CN%3Biblock%2C21.800.300%2CN%3Bfileman%2C22.0.0%2CN%3Bperfmon%2C21.0.0%2CN%3Bseo%2C22.0.200%2CN%3Bclouds%2C22.0.0%2CN%3Btranslate%2C21.100.0%2CN%3Bbitrixcloud%2C22.0.0%2CN%3Brest%2C22.0.100%2CN%3Bmessageservice%2C22.200.100%2CN%3Bb24connector%2C21.100.0%2CN%3Bhighloadblock%2C22.200.0%2CN%3Bsocialservices%2C22.0.250%2CN%3Bbitrix.sitecorporate%2C15.5.0%2CN%3Bintec.universelite%2C2.3.8%2CY&reqm=bitrix.eshop%2Cbitrix.sitecorporate%2Cintec.universelite%2Cintec.core&SUPD_SRS=RU&SUPD_CMP=N
2023-05-19 19:06:46 -  - exec CUpdateClientPartner::GetHTTPPage
2023-05-19 19:06:46 -  - TIME GetUpdatesList(request) 0.377 sec
2023-05-19 19:06:46 -  - exec CUpdateClientPartner::ParseServerData
2023-05-19 19:06:52 -  - exec CUpdateClientPartner::LoadModulesUpdates
2023-05-19 19:06:52 -  - exec CUpdateClientPartner::__CollectRequestData
2023-05-19 19:06:52 -  - utf=Y&lang=ru&stable=Y&CANGZIP=Y&SUPD_DBS=MYSQL&XE=N&CLIENT_SITE=localsite&LICENSE_KEY=X&SUPD_STS=1&SUPD_URS=0&SUPD_URSA=1&TYPENC=D&CLIENT_PHPVER=7.4.33&NGINX=Y&dbv=5.6.51&instm=main%2C22.0.300%2CY%3Blanding%2C21.1300.200%2CN%3Bbitrix.eshop%2C22.100.0%2CN%3Bui%2C22.400.50%2CN%3Bsearch%2C22.0.0%2CN%3Biblock%2C21.800.300%2CN%3Bfileman%2C22.0.0%2CN%3Bperfmon%2C21.0.0%2CN%3Bseo%2C22.0.200%2CN%3Bclouds%2C22.0.0%2CN%3Btranslate%2C21.100.0%2CN%3Bbitrixcloud%2C22.0.0%2CN%3Brest%2C22.0.100%2CN%3Bmessageservice%2C22.200.100%2CN%3Bb24connector%2C21.100.0%2CN%3Bhighloadblock%2C22.200.0%2CN%3Bsocialservices%2C22.0.250%2CN%3Bbitrix.sitecorporate%2C15.5.0%2CN%3Bintec.universelite%2C2.3.8%2CY&reqm=intec.core&lim=Y&SUPD_SRS=RU&SUPD_CMP=N
2023-05-19 19:06:52 -  - exec CUpdateClientPartner::GetHTTPPage
2023-05-19 19:06:52 -  - TIME LoadModulesUpdates(request) 0.365 sec
2023-05-19 19:06:52 -  - exec CUpdateClientPartner::ParseServerData
2023-05-19 19:06:52 - S - STEP
2023-05-19 19:06:52 - LMU01 - LoadModulesUpdates-Step
2023-05-19 19:06:52 -  - exec CUpdateClientPartner::LoadModulesUpdates
2023-05-19 19:06:52 -  - exec CUpdateClientPartner::ParseServerData
2023-05-19 19:06:52 -  - loadFile
2023-05-19 19:06:54 - U - RETURN
2023-05-19 19:06:54 -  - exec CUpdateClientPartner::UnGzipArchive
2023-05-19 19:06:54 -  - TIME UnGzipArchive 0.383 sec
2023-05-19 19:06:54 -  - TIME UpdateStepModules 0.286 sec
2023-05-19 19:06:54 - UPD_SUCCESS - Updated: intec.core
2023-05-19 19:06:55 -  - exec CUpdateClientPartner::LoadModulesUpdates
2023-05-19 19:06:55 -  - exec CUpdateClientPartner::__CollectRequestData
2023-05-19 19:06:55 -  - utf=Y&lang=ru&stable=Y&CANGZIP=Y&SUPD_DBS=MYSQL&XE=N&CLIENT_SITE=localsite&LICENSE_KEY=X&SUPD_STS=1&SUPD_URS=0&SUPD_URSA=1&TYPENC=D&CLIENT_PHPVER=7.4.33&NGINX=Y&dbv=5.6.51&instm=main%2C22.0.300%2CY%3Blanding%2C21.1300.200%2CN%3Bbitrix.eshop%2C22.100.0%2CN%3Bui%2C22.400.50%2CN%3Bsearch%2C22.0.0%2CN%3Biblock%2C21.800.300%2CN%3Bfileman%2C22.0.0%2CN%3Bperfmon%2C21.0.0%2CN%3Bseo%2C22.0.200%2CN%3Bclouds%2C22.0.0%2CN%3Btranslate%2C21.100.0%2CN%3Bbitrixcloud%2C22.0.0%2CN%3Brest%2C22.0.100%2CN%3Bmessageservice%2C22.200.100%2CN%3Bb24connector%2C21.100.0%2CN%3Bhighloadblock%2C22.200.0%2CN%3Bintec.core%2C1.2.14%2CN%3Bsocialservices%2C22.0.250%2CN%3Bbitrix.sitecorporate%2C15.5.0%2CN%3Bintec.universelite%2C2.3.8%2CY&reqm=intec.core&lim=Y&SUPD_SRS=RU&SUPD_CMP=N
2023-05-19 19:06:55 -  - exec CUpdateClientPartner::GetHTTPPage
2023-05-19 19:06:55 -  - TIME LoadModulesUpdates(request) 0.522 sec
2023-05-19 19:06:55 -  - exec CUpdateClientPartner::ParseServerData
2023-05-19 19:06:55 - STEP - Finish - NOUPDATES
2023-05-19 19:06:55 - STEP - Finish - NOUPDATES
2023-05-19 19:06:59 -  - exec CUpdateClientPartner::GetUpdatesList
2023-05-19 19:06:59 -  - exec CUpdateClientPartner::__CollectRequestData
2023-05-19 19:06:59 -  - utf=Y&lang=ru&stable=Y&CANGZIP=Y&SUPD_DBS=MYSQL&XE=N&CLIENT_SITE=localsite&LICENSE_KEY=X&SUPD_STS=1&SUPD_URS=0&SUPD_URSA=1&TYPENC=D&CLIENT_PHPVER=7.4.33&NGINX=Y&dbv=5.6.51&instm=main%2C22.0.300%2CY%3Blanding%2C21.1300.200%2CN%3Bbitrix.eshop%2C22.100.0%2CN%3Bui%2C22.400.50%2CN%3Bsearch%2C22.0.0%2CN%3Biblock%2C21.800.300%2CN%3Bfileman%2C22.0.0%2CN%3Bperfmon%2C21.0.0%2CN%3Bseo%2C22.0.200%2CN%3Bclouds%2C22.0.0%2CN%3Btranslate%2C21.100.0%2CN%3Bbitrixcloud%2C22.0.0%2CN%3Brest%2C22.0.100%2CN%3Bmessageservice%2C22.200.100%2CN%3Bb24connector%2C21.100.0%2CN%3Bhighloadblock%2C22.200.0%2CN%3Bintec.core%2C1.2.14%2CN%3Bsocialservices%2C22.0.250%2CN%3Bbitrix.sitecorporate%2C15.5.0%2CN%3Bintec.universelite%2C2.3.8%2CY&reqm=bitrix.eshop%2Cintec.core%2Cbitrix.sitecorporate%2Cintec.universelite&fullmoduleinfo=Y&SUPD_SRS=RU&SUPD_CMP=N
2023-05-19 19:06:59 -  - exec CUpdateClientPartner::GetHTTPPage
2023-05-19 19:06:59 -  - TIME GetUpdatesList(request) 0.325 sec
2023-05-19 19:06:59 -  - exec CUpdateClientPartner::ParseServerData
2023-05-19 19:06:59 -  - exec CUpdateClientPartner::GetUpdatesList
2023-05-19 19:06:59 -  - exec CUpdateClientPartner::__CollectRequestData
2023-05-19 19:06:59 -  - utf=Y&lang=ru&stable=Y&CANGZIP=Y&SUPD_DBS=MYSQL&XE=N&CLIENT_SITE=localsite&LICENSE_KEY=X&SUPD_STS=1&SUPD_URS=0&SUPD_URSA=1&TYPENC=D&CLIENT_PHPVER=7.4.33&NGINX=Y&dbv=5.6.51&instm=main%2C22.0.300%2CY%3Blanding%2C21.1300.200%2CN%3Bbitrix.eshop%2C22.100.0%2CN%3Bui%2C22.400.50%2CN%3Bsearch%2C22.0.0%2CN%3Biblock%2C21.800.300%2CN%3Bfileman%2C22.0.0%2CN%3Bperfmon%2C21.0.0%2CN%3Bseo%2C22.0.200%2CN%3Bclouds%2C22.0.0%2CN%3Btranslate%2C21.100.0%2CN%3Bbitrixcloud%2C22.0.0%2CN%3Brest%2C22.0.100%2CN%3Bmessageservice%2C22.200.100%2CN%3Bb24connector%2C21.100.0%2CN%3Bhighloadblock%2C22.200.0%2CN%3Bintec.core%2C1.2.14%2CN%3Bsocialservices%2C22.0.250%2CN%3Bbitrix.sitecorporate%2C15.5.0%2CN%3Bintec.universelite%2C2.3.8%2CY&reqm=bitrix.eshop%2Cintec.core%2Cbitrix.sitecorporate%2Cintec.universelite&fullmoduleinfo=Y&SUPD_SRS=RU&SUPD_CMP=N
2023-05-19 19:06:59 -  - exec CUpdateClientPartner::GetHTTPPage
2023-05-19 19:07:00 -  - TIME GetUpdatesList(request) 0.37 sec
2023-05-19 19:07:00 -  - exec CUpdateClientPartner::ParseServerData
2023-05-19 19:07:11 -  - exec CUpdateClientPartner::GetUpdatesList
2023-05-19 19:07:11 -  - exec CUpdateClientPartner::__CollectRequestData
2023-05-19 19:07:11 -  - utf=Y&lang=ru&stable=Y&CANGZIP=Y&SUPD_DBS=MYSQL&XE=N&CLIENT_SITE=localsite&LICENSE_KEY=X&SUPD_STS=1&SUPD_URS=0&SUPD_URSA=1&TYPENC=D&CLIENT_PHPVER=7.4.33&NGINX=Y&dbv=5.6.51&instm=main%2C22.0.300%2CY%3Blanding%2C21.1300.200%2CN%3Bbitrix.eshop%2C22.100.0%2CN%3Bui%2C22.400.50%2CN%3Bsearch%2C22.0.0%2CN%3Biblock%2C21.800.300%2CN%3Bfileman%2C22.0.0%2CN%3Bperfmon%2C21.0.0%2CN%3Bseo%2C22.0.200%2CN%3Bclouds%2C22.0.0%2CN%3Btranslate%2C21.100.0%2CN%3Bbitrixcloud%2C22.0.0%2CN%3Brest%2C22.0.100%2CN%3Bmessageservice%2C22.200.100%2CN%3Bb24connector%2C21.100.0%2CN%3Bhighloadblock%2C22.200.0%2CN%3Bintec.core%2C1.2.14%2CN%3Bsocialservices%2C22.0.250%2CN%3Bbitrix.sitecorporate%2C15.5.0%2CN%3Bintec.universelite%2C2.3.8%2CY&reqm=bitrix.eshop%2Cintec.core%2Cbitrix.sitecorporate%2Cintec.universelite&fullmoduleinfo=Y&SUPD_SRS=RU&SUPD_CMP=N
2023-05-19 19:07:11 -  - exec CUpdateClientPartner::GetHTTPPage
2023-05-19 19:07:11 -  - TIME GetUpdatesList(request) 0.408 sec
2023-05-19 19:07:11 -  - exec CUpdateClientPartner::ParseServerData
2023-05-19 19:47:17 -  - exec CUpdateClientPartner::GetUpdatesList
2023-05-19 19:47:17 -  - exec CUpdateClientPartner::__CollectRequestData
2023-05-19 19:47:17 -  - utf=Y&lang=ru&stable=Y&CANGZIP=Y&SUPD_DBS=MYSQL&XE=N&CLIENT_SITE=localsite&LICENSE_KEY=X&SUPD_STS=1&SUPD_URS=0&SUPD_URSA=1&TYPENC=D&CLIENT_PHPVER=7.4.33&NGINX=Y&dbv=5.6.51&instm=main%2C22.0.300%2CY%3Bintec.constructorlite%2C1.3.4%2CN%3Blanding%2C21.1300.200%2CN%3Bbitrix.eshop%2C22.100.0%2CN%3Bui%2C22.400.50%2CN%3Bsearch%2C22.0.0%2CN%3Biblock%2C21.800.300%2CN%3Bfileman%2C22.0.0%2CN%3Bperfmon%2C21.0.0%2CN%3Bseo%2C22.0.200%2CN%3Bclouds%2C22.0.0%2CN%3Bintec.startshop%2C1.0.5%2CN%3Btranslate%2C21.100.0%2CN%3Bbitrixcloud%2C22.0.0%2CN%3Brest%2C22.0.100%2CN%3Bmessageservice%2C22.200.100%2CN%3Bb24connector%2C21.100.0%2CN%3Bintec.measures%2C1.0.0%2CN%3Bhighloadblock%2C22.200.0%2CN%3Bintec.core%2C1.2.14%2CN%3Bsocialservices%2C22.0.250%2CN%3Bbitrix.sitecorporate%2C15.5.0%2CN%3Bintec.universelite%2C2.3.8%2CY&reqm=intec.constructorlite%2Cbitrix.eshop%2Cintec.startshop%2Cintec.measures%2Cintec.core%2Cbitrix.sitecorporate%2Cintec.universelite%2Calkodesign.imageoptimizer&SUPD_SRS=RU&SUPD_CMP=N
2023-05-19 19:47:17 -  - exec CUpdateClientPartner::GetHTTPPage
2023-05-19 19:47:18 -  - TIME GetUpdatesList(request) 0.604 sec
2023-05-19 19:47:18 -  - exec CUpdateClientPartner::ParseServerData
2023-05-19 19:47:23 -  - exec CUpdateClientPartner::LoadModulesUpdates
2023-05-19 19:47:23 -  - exec CUpdateClientPartner::__CollectRequestData
2023-05-19 19:47:23 -  - utf=Y&lang=ru&stable=Y&CANGZIP=Y&SUPD_DBS=MYSQL&XE=N&CLIENT_SITE=localsite&LICENSE_KEY=X&SUPD_STS=1&SUPD_URS=0&SUPD_URSA=1&TYPENC=D&CLIENT_PHPVER=7.4.33&NGINX=Y&dbv=5.6.51&instm=main%2C22.0.300%2CY%3Bintec.constructorlite%2C1.3.4%2CN%3Blanding%2C21.1300.200%2CN%3Bbitrix.eshop%2C22.100.0%2CN%3Bui%2C22.400.50%2CN%3Bsearch%2C22.0.0%2CN%3Biblock%2C21.800.300%2CN%3Bfileman%2C22.0.0%2CN%3Bperfmon%2C21.0.0%2CN%3Bseo%2C22.0.200%2CN%3Bclouds%2C22.0.0%2CN%3Bintec.startshop%2C1.0.5%2CN%3Btranslate%2C21.100.0%2CN%3Bbitrixcloud%2C22.0.0%2CN%3Brest%2C22.0.100%2CN%3Bmessageservice%2C22.200.100%2CN%3Bb24connector%2C21.100.0%2CN%3Bintec.measures%2C1.0.0%2CN%3Bhighloadblock%2C22.200.0%2CN%3Bintec.core%2C1.2.14%2CN%3Bsocialservices%2C22.0.250%2CN%3Bbitrix.sitecorporate%2C15.5.0%2CN%3Bintec.universelite%2C2.3.8%2CY&reqm=alkodesign.imageoptimizer&lim=Y&SUPD_SRS=RU&SUPD_CMP=N
2023-05-19 19:47:23 -  - exec CUpdateClientPartner::GetHTTPPage
2023-05-19 19:47:24 -  - TIME LoadModulesUpdates(request) 0.327 sec
2023-05-19 19:47:24 -  - exec CUpdateClientPartner::ParseServerData
2023-05-19 19:47:24 - S - STEP
2023-05-19 19:47:24 - LMU01 - LoadModulesUpdates-Step
2023-05-19 19:47:24 -  - exec CUpdateClientPartner::LoadModulesUpdates
2023-05-19 19:47:24 -  - exec CUpdateClientPartner::ParseServerData
2023-05-19 19:47:24 -  - loadFile
2023-05-19 19:47:24 - U - RETURN
2023-05-19 19:47:24 -  - exec CUpdateClientPartner::UnGzipArchive
2023-05-19 19:47:24 -  - TIME UnGzipArchive 0.022 sec
2023-05-19 19:47:24 -  - TIME UpdateStepModules 0.023 sec
2023-05-19 19:47:24 - UPD_SUCCESS - Updated: alkodesign.imageoptimizer
2023-05-19 19:47:24 -  - exec CUpdateClientPartner::LoadModulesUpdates
2023-05-19 19:47:24 -  - exec CUpdateClientPartner::__CollectRequestData
2023-05-19 19:47:24 -  - utf=Y&lang=ru&stable=Y&CANGZIP=Y&SUPD_DBS=MYSQL&XE=N&CLIENT_SITE=localsite&LICENSE_KEY=X&SUPD_STS=1&SUPD_URS=0&SUPD_URSA=1&TYPENC=D&CLIENT_PHPVER=7.4.33&NGINX=Y&dbv=5.6.51&instm=main%2C22.0.300%2CY%3Bintec.constructorlite%2C1.3.4%2CN%3Balkodesign.imageoptimizer%2C1.0.0%2CY%3Blanding%2C21.1300.200%2CN%3Bbitrix.eshop%2C22.100.0%2CN%3Bui%2C22.400.50%2CN%3Bsearch%2C22.0.0%2CN%3Biblock%2C21.800.300%2CN%3Bfileman%2C22.0.0%2CN%3Bperfmon%2C21.0.0%2CN%3Bseo%2C22.0.200%2CN%3Bclouds%2C22.0.0%2CN%3Bintec.startshop%2C1.0.5%2CN%3Btranslate%2C21.100.0%2CN%3Bbitrixcloud%2C22.0.0%2CN%3Brest%2C22.0.100%2CN%3Bmessageservice%2C22.200.100%2CN%3Bb24connector%2C21.100.0%2CN%3Bintec.measures%2C1.0.0%2CN%3Bhighloadblock%2C22.200.0%2CN%3Bintec.core%2C1.2.14%2CN%3Bsocialservices%2C22.0.250%2CN%3Bbitrix.sitecorporate%2C15.5.0%2CN%3Bintec.universelite%2C2.3.8%2CY&reqm=alkodesign.imageoptimizer&lim=Y&SUPD_SRS=RU&SUPD_CMP=N
2023-05-19 19:47:24 -  - exec CUpdateClientPartner::GetHTTPPage
2023-05-19 19:47:24 -  - TIME LoadModulesUpdates(request) 0.342 sec
2023-05-19 19:47:24 -  - exec CUpdateClientPartner::ParseServerData
2023-05-19 19:47:24 - S - STEP
2023-05-19 19:47:24 - LMU01 - LoadModulesUpdates-Step
2023-05-19 19:47:24 -  - exec CUpdateClientPartner::LoadModulesUpdates
2023-05-19 19:47:24 -  - exec CUpdateClientPartner::ParseServerData
2023-05-19 19:47:24 -  - loadFile
2023-05-19 19:47:25 - U - RETURN
2023-05-19 19:47:25 -  - exec CUpdateClientPartner::UnGzipArchive
2023-05-19 19:47:25 -  - TIME UnGzipArchive 0.008 sec
2023-05-19 19:47:25 -  - TIME UpdateStepModules 0.009 sec
2023-05-19 19:47:25 - UPD_SUCCESS - Updated: alkodesign.imageoptimizer (1.2.0)<br><ul> <li> CSS   </li> <li>   API    </li> <li>         </li> <li>  </li> </ul>
2023-05-19 19:47:25 -  - exec CUpdateClientPartner::LoadModulesUpdates
2023-05-19 19:47:25 -  - exec CUpdateClientPartner::__CollectRequestData
2023-05-19 19:47:25 -  - utf=Y&lang=ru&stable=Y&CANGZIP=Y&SUPD_DBS=MYSQL&XE=N&CLIENT_SITE=localsite&LICENSE_KEY=X&SUPD_STS=1&SUPD_URS=0&SUPD_URSA=1&TYPENC=D&CLIENT_PHPVER=7.4.33&NGINX=Y&dbv=5.6.51&instm=main%2C22.0.300%2CY%3Bintec.constructorlite%2C1.3.4%2CN%3Balkodesign.imageoptimizer%2C1.2.0%2CY%3Blanding%2C21.1300.200%2CN%3Bbitrix.eshop%2C22.100.0%2CN%3Bui%2C22.400.50%2CN%3Bsearch%2C22.0.0%2CN%3Biblock%2C21.800.300%2CN%3Bfileman%2C22.0.0%2CN%3Bperfmon%2C21.0.0%2CN%3Bseo%2C22.0.200%2CN%3Bclouds%2C22.0.0%2CN%3Bintec.startshop%2C1.0.5%2CN%3Btranslate%2C21.100.0%2CN%3Bbitrixcloud%2C22.0.0%2CN%3Brest%2C22.0.100%2CN%3Bmessageservice%2C22.200.100%2CN%3Bb24connector%2C21.100.0%2CN%3Bintec.measures%2C1.0.0%2CN%3Bhighloadblock%2C22.200.0%2CN%3Bintec.core%2C1.2.14%2CN%3Bsocialservices%2C22.0.250%2CN%3Bbitrix.sitecorporate%2C15.5.0%2CN%3Bintec.universelite%2C2.3.8%2CY&reqm=alkodesign.imageoptimizer&lim=Y&SUPD_SRS=RU&SUPD_CMP=N
2023-05-19 19:47:25 -  - exec CUpdateClientPartner::GetHTTPPage
2023-05-19 19:47:25 -  - TIME LoadModulesUpdates(request) 0.362 sec
2023-05-19 19:47:25 -  - exec CUpdateClientPartner::ParseServerData
2023-05-19 19:47:25 - S - STEP
2023-05-19 19:47:25 - LMU01 - LoadModulesUpdates-Step
2023-05-19 19:47:25 -  - exec CUpdateClientPartner::LoadModulesUpdates
2023-05-19 19:47:25 -  - exec CUpdateClientPartner::ParseServerData
2023-05-19 19:47:25 -  - loadFile
2023-05-19 19:47:26 - U - RETURN
2023-05-19 19:47:26 -  - exec CUpdateClientPartner::UnGzipArchive
2023-05-19 19:47:26 -  - TIME UnGzipArchive 0.023 sec
2023-05-19 19:47:26 -  - TIME UpdateStepModules 0.023 sec
2023-05-19 19:47:26 - UPD_SUCCESS - Updated: alkodesign.imageoptimizer (1.2.2)<br><ul> <li>     lang .</li> <li>  </li> </ul>
2023-05-19 19:47:26 -  - exec CUpdateClientPartner::LoadModulesUpdates
2023-05-19 19:47:26 -  - exec CUpdateClientPartner::__CollectRequestData
2023-05-19 19:47:26 -  - utf=Y&lang=ru&stable=Y&CANGZIP=Y&SUPD_DBS=MYSQL&XE=N&CLIENT_SITE=localsite&LICENSE_KEY=X&SUPD_STS=1&SUPD_URS=0&SUPD_URSA=1&TYPENC=D&CLIENT_PHPVER=7.4.33&NGINX=Y&dbv=5.6.51&instm=main%2C22.0.300%2CY%3Bintec.constructorlite%2C1.3.4%2CN%3Balkodesign.imageoptimizer%2C1.2.2%2CY%3Blanding%2C21.1300.200%2CN%3Bbitrix.eshop%2C22.100.0%2CN%3Bui%2C22.400.50%2CN%3Bsearch%2C22.0.0%2CN%3Biblock%2C21.800.300%2CN%3Bfileman%2C22.0.0%2CN%3Bperfmon%2C21.0.0%2CN%3Bseo%2C22.0.200%2CN%3Bclouds%2C22.0.0%2CN%3Bintec.startshop%2C1.0.5%2CN%3Btranslate%2C21.100.0%2CN%3Bbitrixcloud%2C22.0.0%2CN%3Brest%2C22.0.100%2CN%3Bmessageservice%2C22.200.100%2CN%3Bb24connector%2C21.100.0%2CN%3Bintec.measures%2C1.0.0%2CN%3Bhighloadblock%2C22.200.0%2CN%3Bintec.core%2C1.2.14%2CN%3Bsocialservices%2C22.0.250%2CN%3Bbitrix.sitecorporate%2C15.5.0%2CN%3Bintec.universelite%2C2.3.8%2CY&reqm=alkodesign.imageoptimizer&lim=Y&SUPD_SRS=RU&SUPD_CMP=N
2023-05-19 19:47:26 -  - exec CUpdateClientPartner::GetHTTPPage
2023-05-19 19:47:26 -  - TIME LoadModulesUpdates(request) 0.38 sec
2023-05-19 19:47:26 -  - exec CUpdateClientPartner::ParseServerData
2023-05-19 19:47:26 - S - STEP
2023-05-19 19:47:26 - LMU01 - LoadModulesUpdates-Step
2023-05-19 19:47:26 -  - exec CUpdateClientPartner::LoadModulesUpdates
2023-05-19 19:47:26 -  - exec CUpdateClientPartner::ParseServerData
2023-05-19 19:47:26 -  - loadFile
2023-05-19 19:47:27 - U - RETURN
2023-05-19 19:47:27 -  - exec CUpdateClientPartner::UnGzipArchive
2023-05-19 19:47:27 -  - TIME UnGzipArchive 0.021 sec
2023-05-19 19:47:27 -  - TIME UpdateStepModules 0.024 sec
2023-05-19 19:47:27 - UPD_SUCCESS - Updated: alkodesign.imageoptimizer (1.2.3)<br><ul> <li>     lang .</li> <li>  </li> </ul>
2023-05-19 19:47:27 -  - exec CUpdateClientPartner::LoadModulesUpdates
2023-05-19 19:47:27 -  - exec CUpdateClientPartner::__CollectRequestData
2023-05-19 19:47:27 -  - utf=Y&lang=ru&stable=Y&CANGZIP=Y&SUPD_DBS=MYSQL&XE=N&CLIENT_SITE=localsite&LICENSE_KEY=X&SUPD_STS=1&SUPD_URS=0&SUPD_URSA=1&TYPENC=D&CLIENT_PHPVER=7.4.33&NGINX=Y&dbv=5.6.51&instm=main%2C22.0.300%2CY%3Bintec.constructorlite%2C1.3.4%2CN%3Balkodesign.imageoptimizer%2C1.2.3%2CY%3Blanding%2C21.1300.200%2CN%3Bbitrix.eshop%2C22.100.0%2CN%3Bui%2C22.400.50%2CN%3Bsearch%2C22.0.0%2CN%3Biblock%2C21.800.300%2CN%3Bfileman%2C22.0.0%2CN%3Bperfmon%2C21.0.0%2CN%3Bseo%2C22.0.200%2CN%3Bclouds%2C22.0.0%2CN%3Bintec.startshop%2C1.0.5%2CN%3Btranslate%2C21.100.0%2CN%3Bbitrixcloud%2C22.0.0%2CN%3Brest%2C22.0.100%2CN%3Bmessageservice%2C22.200.100%2CN%3Bb24connector%2C21.100.0%2CN%3Bintec.measures%2C1.0.0%2CN%3Bhighloadblock%2C22.200.0%2CN%3Bintec.core%2C1.2.14%2CN%3Bsocialservices%2C22.0.250%2CN%3Bbitrix.sitecorporate%2C15.5.0%2CN%3Bintec.universelite%2C2.3.8%2CY&reqm=alkodesign.imageoptimizer&lim=Y&SUPD_SRS=RU&SUPD_CMP=N
2023-05-19 19:47:27 -  - exec CUpdateClientPartner::GetHTTPPage
2023-05-19 19:47:27 -  - TIME LoadModulesUpdates(request) 0.373 sec
2023-05-19 19:47:27 -  - exec CUpdateClientPartner::ParseServerData
2023-05-19 19:47:27 - S - STEP
2023-05-19 19:47:27 - LMU01 - LoadModulesUpdates-Step
2023-05-19 19:47:27 -  - exec CUpdateClientPartner::LoadModulesUpdates
2023-05-19 19:47:27 -  - exec CUpdateClientPartner::ParseServerData
2023-05-19 19:47:27 -  - loadFile
2023-05-19 19:47:27 - U - RETURN
2023-05-19 19:47:27 -  - exec CUpdateClientPartner::UnGzipArchive
2023-05-19 19:47:27 -  - TIME UnGzipArchive 0.022 sec
2023-05-19 19:47:27 -  - TIME UpdateStepModules 0.024 sec
2023-05-19 19:47:27 - UPD_SUCCESS - Updated: alkodesign.imageoptimizer (1.2.9)<br><ul> <li>  .       </li> </ul>
2023-05-19 19:47:28 -  - exec CUpdateClientPartner::LoadModulesUpdates
2023-05-19 19:47:28 -  - exec CUpdateClientPartner::__CollectRequestData
2023-05-19 19:47:28 -  - utf=Y&lang=ru&stable=Y&CANGZIP=Y&SUPD_DBS=MYSQL&XE=N&CLIENT_SITE=localsite&LICENSE_KEY=X&SUPD_STS=1&SUPD_URS=0&SUPD_URSA=1&TYPENC=D&CLIENT_PHPVER=7.4.33&NGINX=Y&dbv=5.6.51&instm=main%2C22.0.300%2CY%3Bintec.constructorlite%2C1.3.4%2CN%3Balkodesign.imageoptimizer%2C1.2.9%2CY%3Blanding%2C21.1300.200%2CN%3Bbitrix.eshop%2C22.100.0%2CN%3Bui%2C22.400.50%2CN%3Bsearch%2C22.0.0%2CN%3Biblock%2C21.800.300%2CN%3Bfileman%2C22.0.0%2CN%3Bperfmon%2C21.0.0%2CN%3Bseo%2C22.0.200%2CN%3Bclouds%2C22.0.0%2CN%3Bintec.startshop%2C1.0.5%2CN%3Btranslate%2C21.100.0%2CN%3Bbitrixcloud%2C22.0.0%2CN%3Brest%2C22.0.100%2CN%3Bmessageservice%2C22.200.100%2CN%3Bb24connector%2C21.100.0%2CN%3Bintec.measures%2C1.0.0%2CN%3Bhighloadblock%2C22.200.0%2CN%3Bintec.core%2C1.2.14%2CN%3Bsocialservices%2C22.0.250%2CN%3Bbitrix.sitecorporate%2C15.5.0%2CN%3Bintec.universelite%2C2.3.8%2CY&reqm=alkodesign.imageoptimizer&lim=Y&SUPD_SRS=RU&SUPD_CMP=N
2023-05-19 19:47:28 -  - exec CUpdateClientPartner::GetHTTPPage
2023-05-19 19:47:28 -  - TIME LoadModulesUpdates(request) 0.358 sec
2023-05-19 19:47:28 -  - exec CUpdateClientPartner::ParseServerData
2023-05-19 19:47:28 - S - STEP
2023-05-19 19:47:28 - LMU01 - LoadModulesUpdates-Step
2023-05-19 19:47:28 -  - exec CUpdateClientPartner::LoadModulesUpdates
2023-05-19 19:47:28 -  - exec CUpdateClientPartner::ParseServerData
2023-05-19 19:47:28 -  - loadFile
2023-05-19 19:47:28 - U - RETURN
2023-05-19 19:47:28 -  - exec CUpdateClientPartner::UnGzipArchive
2023-05-19 19:47:28 -  - TIME UnGzipArchive 0.022 sec
2023-05-19 19:47:28 -  - TIME UpdateStepModules 0.025 sec
2023-05-19 19:47:28 - UPD_SUCCESS - Updated: alkodesign.imageoptimizer (1.3.2)<br><ul> <li>  php 8</li> </ul>
2023-05-19 19:47:28 -  - exec CUpdateClientPartner::LoadModulesUpdates
2023-05-19 19:47:28 -  - exec CUpdateClientPartner::__CollectRequestData
2023-05-19 19:47:28 -  - utf=Y&lang=ru&stable=Y&CANGZIP=Y&SUPD_DBS=MYSQL&XE=N&CLIENT_SITE=localsite&LICENSE_KEY=X&SUPD_STS=1&SUPD_URS=0&SUPD_URSA=1&TYPENC=D&CLIENT_PHPVER=7.4.33&NGINX=Y&dbv=5.6.51&instm=main%2C22.0.300%2CY%3Bintec.constructorlite%2C1.3.4%2CN%3Balkodesign.imageoptimizer%2C1.3.2%2CY%3Blanding%2C21.1300.200%2CN%3Bbitrix.eshop%2C22.100.0%2CN%3Bui%2C22.400.50%2CN%3Bsearch%2C22.0.0%2CN%3Biblock%2C21.800.300%2CN%3Bfileman%2C22.0.0%2CN%3Bperfmon%2C21.0.0%2CN%3Bseo%2C22.0.200%2CN%3Bclouds%2C22.0.0%2CN%3Bintec.startshop%2C1.0.5%2CN%3Btranslate%2C21.100.0%2CN%3Bbitrixcloud%2C22.0.0%2CN%3Brest%2C22.0.100%2CN%3Bmessageservice%2C22.200.100%2CN%3Bb24connector%2C21.100.0%2CN%3Bintec.measures%2C1.0.0%2CN%3Bhighloadblock%2C22.200.0%2CN%3Bintec.core%2C1.2.14%2CN%3Bsocialservices%2C22.0.250%2CN%3Bbitrix.sitecorporate%2C15.5.0%2CN%3Bintec.universelite%2C2.3.8%2CY&reqm=alkodesign.imageoptimizer&lim=Y&SUPD_SRS=RU&SUPD_CMP=N
2023-05-19 19:47:28 -  - exec CUpdateClientPartner::GetHTTPPage
2023-05-19 19:47:29 -  - TIME LoadModulesUpdates(request) 0.346 sec
2023-05-19 19:47:29 -  - exec CUpdateClientPartner::ParseServerData
2023-05-19 19:47:29 - STEP - Finish - NOUPDATES
2023-05-19 19:47:29 - STEP - Finish - NOUPDATES
2023-05-19 19:47:35 -  - exec CUpdateClientPartner::GetUpdatesList
2023-05-19 19:47:35 -  - exec CUpdateClientPartner::__CollectRequestData
2023-05-19 19:47:35 -  - utf=Y&lang=ru&stable=Y&CANGZIP=Y&SUPD_DBS=MYSQL&XE=N&CLIENT_SITE=localsite&LICENSE_KEY=X&SUPD_STS=1&SUPD_URS=0&SUPD_URSA=1&TYPENC=D&CLIENT_PHPVER=7.4.33&NGINX=Y&dbv=5.6.51&instm=main%2C22.0.300%2CY%3Bintec.constructorlite%2C1.3.4%2CN%3Balkodesign.imageoptimizer%2C1.3.2%2CY%3Blanding%2C21.1300.200%2CN%3Bbitrix.eshop%2C22.100.0%2CN%3Bui%2C22.400.50%2CN%3Bsearch%2C22.0.0%2CN%3Biblock%2C21.800.300%2CN%3Bfileman%2C22.0.0%2CN%3Bperfmon%2C21.0.0%2CN%3Bseo%2C22.0.200%2CN%3Bclouds%2C22.0.0%2CN%3Bintec.startshop%2C1.0.5%2CN%3Btranslate%2C21.100.0%2CN%3Bbitrixcloud%2C22.0.0%2CN%3Brest%2C22.0.100%2CN%3Bmessageservice%2C22.200.100%2CN%3Bb24connector%2C21.100.0%2CN%3Bintec.measures%2C1.0.0%2CN%3Bhighloadblock%2C22.200.0%2CN%3Bintec.core%2C1.2.14%2CN%3Bsocialservices%2C22.0.250%2CN%3Bbitrix.sitecorporate%2C15.5.0%2CN%3Bintec.universelite%2C2.3.8%2CY&reqm=intec.constructorlite%2Calkodesign.imageoptimizer%2Cbitrix.eshop%2Cintec.startshop%2Cintec.measures%2Cintec.core%2Cbitrix.sitecorporate%2Cintec.universelite&fullmoduleinfo=Y&SUPD_SRS=RU&SUPD_CMP=N
2023-05-19 19:47:35 -  - exec CUpdateClientPartner::GetHTTPPage
2023-05-19 19:47:35 -  - TIME GetUpdatesList(request) 0.33 sec
2023-05-19 19:47:35 -  - exec CUpdateClientPartner::ParseServerData
2023-05-19 19:47:35 -  - exec CUpdateClientPartner::GetUpdatesList
2023-05-19 19:47:35 -  - exec CUpdateClientPartner::__CollectRequestData
2023-05-19 19:47:35 -  - utf=Y&lang=ru&stable=Y&CANGZIP=Y&SUPD_DBS=MYSQL&XE=N&CLIENT_SITE=localsite&LICENSE_KEY=X&SUPD_STS=1&SUPD_URS=0&SUPD_URSA=1&TYPENC=D&CLIENT_PHPVER=7.4.33&NGINX=Y&dbv=5.6.51&instm=main%2C22.0.300%2CY%3Bintec.constructorlite%2C1.3.4%2CN%3Balkodesign.imageoptimizer%2C1.3.2%2CY%3Blanding%2C21.1300.200%2CN%3Bbitrix.eshop%2C22.100.0%2CN%3Bui%2C22.400.50%2CN%3Bsearch%2C22.0.0%2CN%3Biblock%2C21.800.300%2CN%3Bfileman%2C22.0.0%2CN%3Bperfmon%2C21.0.0%2CN%3Bseo%2C22.0.200%2CN%3Bclouds%2C22.0.0%2CN%3Bintec.startshop%2C1.0.5%2CN%3Btranslate%2C21.100.0%2CN%3Bbitrixcloud%2C22.0.0%2CN%3Brest%2C22.0.100%2CN%3Bmessageservice%2C22.200.100%2CN%3Bb24connector%2C21.100.0%2CN%3Bintec.measures%2C1.0.0%2CN%3Bhighloadblock%2C22.200.0%2CN%3Bintec.core%2C1.2.14%2CN%3Bsocialservices%2C22.0.250%2CN%3Bbitrix.sitecorporate%2C15.5.0%2CN%3Bintec.universelite%2C2.3.8%2CY&reqm=intec.constructorlite%2Calkodesign.imageoptimizer%2Cbitrix.eshop%2Cintec.startshop%2Cintec.measures%2Cintec.core%2Cbitrix.sitecorporate%2Cintec.universelite&fullmoduleinfo=Y&SUPD_SRS=RU&SUPD_CMP=N
2023-05-19 19:47:35 -  - exec CUpdateClientPartner::GetHTTPPage
2023-05-19 19:47:35 -  - TIME GetUpdatesList(request) 0.36 sec
2023-05-19 19:47:35 -  - exec CUpdateClientPartner::ParseServerData
2023-05-22 23:05:14 -  - exec CUpdateClientPartner::GetUpdatesList
2023-05-22 23:05:14 -  - exec CUpdateClientPartner::__CollectRequestData
2023-05-22 23:05:14 -  - utf=Y&lang=ru&stable=Y&CANGZIP=Y&SUPD_DBS=MYSQL&XE=N&CLIENT_SITE=localsite&LICENSE_KEY=X&SUPD_STS=1&SUPD_URS=0&SUPD_URSA=1&TYPENC=D&CLIENT_PHPVER=7.4.33&NGINX=Y&dbv=5.6.51&instm=main%2C22.0.300%2CY%3Bintec.constructorlite%2C1.3.4%2CN%3Balkodesign.imageoptimizer%2C1.3.2%2CY%3Blanding%2C21.1300.200%2CN%3Bbitrix.eshop%2C22.100.0%2CN%3Bui%2C22.400.50%2CN%3Bsearch%2C22.0.0%2CN%3Biblock%2C21.800.300%2CN%3Bfileman%2C22.0.0%2CN%3Bperfmon%2C21.0.0%2CN%3Bseo%2C22.0.200%2CN%3Bclouds%2C22.0.0%2CN%3Bintec.startshop%2C1.0.5%2CN%3Btranslate%2C21.100.0%2CN%3Bbitrixcloud%2C22.0.0%2CN%3Brest%2C22.0.100%2CN%3Bmessageservice%2C22.200.100%2CN%3Bb24connector%2C21.100.0%2CN%3Bintec.measures%2C1.0.0%2CN%3Bhighloadblock%2C22.200.0%2CN%3Bintec.core%2C1.2.14%2CN%3Bsocialservices%2C22.0.250%2CN%3Bbitrix.sitecorporate%2C15.5.0%2CN%3Bintec.universelite%2C2.3.8%2CY&reqm=intec.constructorlite%2Calkodesign.imageoptimizer%2Cbitrix.eshop%2Cintec.startshop%2Cintec.measures%2Cintec.core%2Cbitrix.sitecorporate%2Cintec.universelite&fullmoduleinfo=Y&SUPD_SRS=RU&SUPD_CMP=N
2023-05-22 23:05:14 -  - exec CUpdateClientPartner::GetHTTPPage
2023-05-22 23:05:14 -  - TIME GetUpdatesList(request) 0.383 sec
2023-05-22 23:05:14 -  - exec CUpdateClientPartner::ParseServerData
